[2018-12-29 16:04:30] xcrawler.dytt8:index.INFO: 初始化队列 start [] []
[2018-12-29 16:04:30] xcrawler.dytt8:index.INFO: 初始化队列 done [] []
[2018-12-29 16:04:30] xcrawler.dytt8:index.INFO: 爬取 start [] []
[2018-12-29 16:04:32] xcrawler.dytt8:index.INFO: 爬取 done 花费时间:2.450161s 线程数:1 总页数:1 请求成功次数:1 请求失败次数:0 解析失败次数:0 [] []
[2018-12-29 16:05:42] xcrawler.dytt8:index.INFO: 初始化队列 start [] []
[2018-12-29 16:05:43] xcrawler.dytt8:index.INFO: 初始化队列 done [] []
[2018-12-29 16:05:43] xcrawler.dytt8:index.INFO: 爬取 start [] []
[2018-12-29 16:05:44] xcrawler.dytt8:index.INFO: 爬取 done 花费时间:1.800429s 线程数:1 总页数:1 请求成功次数:1 请求失败次数:0 解析失败次数:0 [] []
[2018-12-29 16:06:46] xcrawler.dytt8:index.INFO: 初始化队列 start [] []
[2018-12-29 16:06:46] xcrawler.dytt8:index.INFO: 初始化队列 done [] []
[2018-12-29 16:06:46] xcrawler.dytt8:index.INFO: 爬取 start [] []
[2018-12-29 16:06:49] xcrawler.dytt8:index.INFO: 爬取 done 花费时间:2.233987s 线程数:1 总页数:1 请求成功次数:1 请求失败次数:0 解析失败次数:0 [] []
[2018-12-29 16:13:02] xcrawler.dytt8:index.INFO: 初始化队列 start [] []
[2018-12-29 16:14:02] xcrawler.dytt8:index.INFO: 初始化队列 start [] []
[2018-12-29 16:14:02] xcrawler.dytt8:index.INFO: 初始化队列 done [] []
[2018-12-29 16:14:02] xcrawler.dytt8:index.INFO: 爬取 start [] []
[2018-12-29 16:14:09] xcrawler.dytt8:index.INFO: 爬取 done 花费时间:7.151569s 线程数:1 总页数:1 请求成功次数:1 请求失败次数:0 解析失败次数:0 [] []
[2018-12-29 16:19:44] xcrawler.dytt8:index.INFO: 初始化队列 start [] []
[2018-12-29 16:19:44] xcrawler.dytt8:index.INFO: 初始化队列 done [] []
[2018-12-29 16:19:44] xcrawler.dytt8:index.INFO: 爬取 start [] []
[2018-12-29 16:19:46] xcrawler.dytt8:index.INFO: 爬取 done 花费时间:2.111903s 线程数:1 总页数:1 请求成功次数:1 请求失败次数:0 解析失败次数:0 [] []
[2018-12-29 16:19:46] xcrawler.dytt8:detail.INFO: 初始化队列 start [] []
[2018-12-29 16:19:46] xcrawler.dytt8:detail.INFO: 初始化队列 done [] []
[2018-12-29 16:19:46] xcrawler.dytt8:detail.INFO: 爬取 start [] []
[2018-12-29 16:19:54] xcrawler.dytt8:detail.INFO: 爬取 done 花费时间:7.309528s 线程数:3 总页数:15 请求成功次数:15 请求失败次数:0 解析失败次数:0 [] []
