[2018-12-30 09:57:39] xcrawler.dytt8:index.INFO: 初始化队列 start [] []
[2018-12-30 09:57:40] xcrawler.dytt8:index.INFO: 初始化队列 done [] []
[2018-12-30 09:57:40] xcrawler.dytt8:index.INFO: 爬取 start [] []
[2018-12-30 09:57:42] xcrawler.dytt8:index.INFO: 爬取 done 花费时间:2.584382s 线程数:1 总页数:1 请求成功次数:1 请求失败次数:0 解析失败次数:0 [] []
[2018-12-30 11:38:39] xcrawler.dytt8:index.INFO: 初始化队列 start [] []
[2018-12-30 11:38:39] xcrawler.dytt8:index.INFO: 初始化队列 done [] []
[2018-12-30 11:38:39] xcrawler.dytt8:index.INFO: 爬取 start [] []
[2018-12-30 11:39:41] xcrawler.dytt8:index.INFO: 初始化队列 start [] []
[2018-12-30 11:39:41] xcrawler.dytt8:index.INFO: 初始化队列 done [] []
[2018-12-30 11:39:41] xcrawler.dytt8:index.INFO: 爬取 start [] []
[2018-12-30 11:57:04] xcrawler.dytt8:index.INFO: 初始化队列 start [] []
[2018-12-30 11:57:04] xcrawler.dytt8:index.INFO: 初始化队列 done [] []
[2018-12-30 11:57:04] xcrawler.dytt8:index.INFO: 爬取 start [] []
[2018-12-30 12:01:21] xcrawler.dytt8:index.INFO: 初始化队列 start [] []
[2018-12-30 12:01:21] xcrawler.dytt8:index.INFO: 初始化队列 done [] []
[2018-12-30 12:01:21] xcrawler.dytt8:index.INFO: 爬取 start [] []
[2018-12-30 12:01:26] xcrawler.dytt8:index.INFO: 初始化队列 start [] []
[2018-12-30 12:01:26] xcrawler.dytt8:index.INFO: 初始化队列 done [] []
[2018-12-30 12:01:26] xcrawler.dytt8:index.INFO: 爬取 start [] []
[2018-12-30 12:01:28] xcrawler.dytt8:index.INFO: 爬取 done 花费时间:2.007185s 线程数:1 总页数:1 请求成功次数:1 请求失败次数:0 解析失败次数:0 [] []
[2018-12-30 12:01:58] xcrawler.dytt8:index.INFO: 初始化队列 start [] []
[2018-12-30 12:01:58] xcrawler.dytt8:index.INFO: 初始化队列 done [] []
[2018-12-30 12:01:58] xcrawler.dytt8:index.INFO: 爬取 start [] []
[2018-12-30 12:02:02] xcrawler.dytt8:index.INFO: 爬取 done 花费时间:3.888225s 线程数:1 总页数:1 请求成功次数:1 请求失败次数:0 解析失败次数:0 [] []
[2018-12-30 12:02:35] xcrawler.dytt8:index.INFO: 初始化队列 start [] []
[2018-12-30 12:02:35] xcrawler.dytt8:index.INFO: 初始化队列 done [] []
[2018-12-30 12:02:35] xcrawler.dytt8:index.INFO: 爬取 start [] []
[2018-12-30 12:02:36] xcrawler.dytt8:index.INFO: 爬取 done 花费时间:1.551319s 线程数:1 总页数:1 请求成功次数:1 请求失败次数:0 解析失败次数:0 [] []
[2018-12-30 12:02:58] xcrawler.dytt8:index.INFO: 初始化队列 start [] []
[2018-12-30 12:02:58] xcrawler.dytt8:index.INFO: 初始化队列 done [] []
[2018-12-30 12:02:58] xcrawler.dytt8:index.INFO: 爬取 start [] []
[2018-12-30 12:03:16] xcrawler.dytt8:index.INFO: 初始化队列 start [] []
[2018-12-30 12:03:16] xcrawler.dytt8:index.INFO: 初始化队列 done [] []
[2018-12-30 12:03:16] xcrawler.dytt8:index.INFO: 爬取 start [] []
[2018-12-30 12:05:35] xcrawler.dytt8:index.INFO: 初始化队列 start [] []
[2018-12-30 12:05:35] xcrawler.dytt8:index.INFO: 初始化队列 done [] []
[2018-12-30 12:05:35] xcrawler.dytt8:index.INFO: 爬取 start [] []
[2018-12-30 12:05:37] xcrawler.dytt8:index.INFO: 爬取 done 花费时间:1.366597s 线程数:1 总页数:1 请求成功次数:1 请求失败次数:0 解析失败次数:0 [] []
[2018-12-30 12:06:06] xcrawler.dytt8:index.INFO: 初始化队列 start [] []
[2018-12-30 12:06:07] xcrawler.dytt8:index.INFO: 初始化队列 done [] []
[2018-12-30 12:06:07] xcrawler.dytt8:index.INFO: 爬取 start [] []
[2018-12-30 12:06:08] xcrawler.dytt8:index.INFO: 爬取 done 花费时间:1.604147s 线程数:1 总页数:1 请求成功次数:1 请求失败次数:0 解析失败次数:0 [] []
[2018-12-30 12:07:56] xcrawler.dytt8:index.INFO: 初始化队列 start [] []
[2018-12-30 12:07:56] xcrawler.dytt8:index.INFO: 初始化队列 done [] []
[2018-12-30 12:07:56] xcrawler.dytt8:index.INFO: 爬取 start [] []
[2018-12-30 12:07:57] xcrawler.dytt8:index.ERROR: 数据解析失败 {"prefix":"xcrawler:dytt8:index","request":{"method":"get","uri":"https://www.dytt8.net/html/gndy/dyzz/index.html"},"error_type":"crawler_exception","reason":"DOMXPath::query(): Invalid expression","error_time":1546171677} []
[2018-12-30 12:07:57] xcrawler.dytt8:index.INFO: 爬取 done 花费时间:1.392284s 线程数:1 总页数:1 请求成功次数:1 请求失败次数:0 解析失败次数:1 [] []
[2018-12-30 12:09:04] xcrawler.dytt8:index.INFO: 初始化队列 start [] []
[2018-12-30 12:09:04] xcrawler.dytt8:index.INFO: 初始化队列 done [] []
[2018-12-30 12:09:04] xcrawler.dytt8:index.INFO: 爬取 start [] []
[2018-12-30 12:09:06] xcrawler.dytt8:index.ERROR: 数据解析失败 {"prefix":"xcrawler:dytt8:index","request":{"method":"get","uri":"https://www.dytt8.net/html/gndy/dyzz/index.html"},"error_type":"crawler_exception","reason":"DOMXPath::query(): Invalid expression","error_time":1546171746} []
[2018-12-30 12:09:06] xcrawler.dytt8:index.INFO: 爬取 done 花费时间:1.383730s 线程数:1 总页数:1 请求成功次数:1 请求失败次数:0 解析失败次数:1 [] []
[2018-12-30 12:09:14] xcrawler.dytt8:index.INFO: 初始化队列 start [] []
[2018-12-30 12:09:14] xcrawler.dytt8:index.INFO: 初始化队列 done [] []
[2018-12-30 12:09:14] xcrawler.dytt8:index.INFO: 爬取 start [] []
[2018-12-30 12:09:17] xcrawler.dytt8:index.INFO: 爬取 done 花费时间:2.398966s 线程数:1 总页数:1 请求成功次数:1 请求失败次数:0 解析失败次数:0 [] []
[2018-12-30 12:09:43] xcrawler.dytt8:index.INFO: 初始化队列 start [] []
[2018-12-30 12:09:43] xcrawler.dytt8:index.INFO: 初始化队列 done [] []
[2018-12-30 12:09:43] xcrawler.dytt8:index.INFO: 爬取 start [] []
[2018-12-30 12:11:47] xcrawler.dytt8:index.INFO: 初始化队列 start [] []
[2018-12-30 12:11:47] xcrawler.dytt8:index.INFO: 初始化队列 done [] []
[2018-12-30 12:11:47] xcrawler.dytt8:index.INFO: 爬取 start [] []
[2018-12-30 12:12:09] xcrawler.dytt8:index.INFO: 初始化队列 start [] []
[2018-12-30 12:12:09] xcrawler.dytt8:index.INFO: 初始化队列 done [] []
[2018-12-30 12:12:09] xcrawler.dytt8:index.INFO: 爬取 start [] []
[2018-12-30 12:12:11] xcrawler.dytt8:index.INFO: 爬取 done 花费时间:1.612422s 线程数:1 总页数:1 请求成功次数:1 请求失败次数:0 解析失败次数:0 [] []
[2018-12-30 12:12:16] xcrawler.dytt8:index.INFO: 初始化队列 start [] []
[2018-12-30 12:12:16] xcrawler.dytt8:index.INFO: 初始化队列 done [] []
[2018-12-30 12:12:16] xcrawler.dytt8:index.INFO: 爬取 start [] []
[2018-12-30 12:12:17] xcrawler.dytt8:index.INFO: 爬取 done 花费时间:1.294513s 线程数:1 总页数:1 请求成功次数:1 请求失败次数:0 解析失败次数:0 [] []
[2018-12-30 12:12:24] xcrawler.dytt8:index.INFO: 初始化队列 start [] []
[2018-12-30 12:12:24] xcrawler.dytt8:index.INFO: 初始化队列 done [] []
[2018-12-30 12:12:24] xcrawler.dytt8:index.INFO: 爬取 start [] []
[2018-12-30 12:12:26] xcrawler.dytt8:index.INFO: 爬取 done 花费时间:1.306108s 线程数:1 总页数:1 请求成功次数:1 请求失败次数:0 解析失败次数:0 [] []
[2018-12-30 12:13:06] xcrawler.dytt8:index.INFO: 初始化队列 start [] []
[2018-12-30 12:13:06] xcrawler.dytt8:index.INFO: 初始化队列 done [] []
[2018-12-30 12:13:06] xcrawler.dytt8:index.INFO: 爬取 start [] []
[2018-12-30 12:13:07] xcrawler.dytt8:index.INFO: 爬取 done 花费时间:1.304888s 线程数:1 总页数:1 请求成功次数:1 请求失败次数:0 解析失败次数:0 [] []
[2018-12-30 12:13:20] xcrawler.dytt8:index.INFO: 初始化队列 start [] []
[2018-12-30 12:13:21] xcrawler.dytt8:index.INFO: 初始化队列 done [] []
[2018-12-30 12:13:21] xcrawler.dytt8:index.INFO: 爬取 start [] []
[2018-12-30 12:13:23] xcrawler.dytt8:index.INFO: 爬取 done 花费时间:2.004424s 线程数:1 总页数:1 请求成功次数:1 请求失败次数:0 解析失败次数:0 [] []
[2018-12-30 12:13:32] xcrawler.dytt8:index.INFO: 初始化队列 start [] []
[2018-12-30 12:13:32] xcrawler.dytt8:index.INFO: 初始化队列 done [] []
[2018-12-30 12:13:32] xcrawler.dytt8:index.INFO: 爬取 start [] []
[2018-12-30 12:13:33] xcrawler.dytt8:index.INFO: 爬取 done 花费时间:1.172471s 线程数:1 总页数:1 请求成功次数:1 请求失败次数:0 解析失败次数:0 [] []
[2018-12-30 12:13:57] xcrawler.dytt8:index.INFO: 初始化队列 start [] []
[2018-12-30 12:13:57] xcrawler.dytt8:index.INFO: 初始化队列 done [] []
[2018-12-30 12:13:57] xcrawler.dytt8:index.INFO: 爬取 start [] []
[2018-12-30 12:14:12] xcrawler.dytt8:index.INFO: 初始化队列 start [] []
[2018-12-30 12:14:12] xcrawler.dytt8:index.INFO: 初始化队列 done [] []
[2018-12-30 12:14:12] xcrawler.dytt8:index.INFO: 爬取 start [] []
[2018-12-30 12:14:14] xcrawler.dytt8:index.INFO: 爬取 done 花费时间:1.422063s 线程数:1 总页数:1 请求成功次数:1 请求失败次数:0 解析失败次数:0 [] []
[2018-12-30 12:14:49] xcrawler.dytt8:index.INFO: 初始化队列 start [] []
[2018-12-30 12:14:49] xcrawler.dytt8:index.INFO: 初始化队列 done [] []
[2018-12-30 12:14:49] xcrawler.dytt8:index.INFO: 爬取 start [] []
[2018-12-30 12:14:51] xcrawler.dytt8:index.INFO: 爬取 done 花费时间:2.171272s 线程数:1 总页数:1 请求成功次数:1 请求失败次数:0 解析失败次数:0 [] []
[2018-12-30 12:15:08] xcrawler.dytt8:index.INFO: 初始化队列 start [] []
[2018-12-30 12:15:08] xcrawler.dytt8:index.INFO: 初始化队列 done [] []
[2018-12-30 12:15:08] xcrawler.dytt8:index.INFO: 爬取 start [] []
[2018-12-30 12:15:10] xcrawler.dytt8:index.INFO: 爬取 done 花费时间:1.755486s 线程数:1 总页数:1 请求成功次数:1 请求失败次数:0 解析失败次数:0 [] []
[2018-12-30 12:15:38] xcrawler.dytt8:index.INFO: 初始化队列 start [] []
[2018-12-30 12:15:38] xcrawler.dytt8:index.INFO: 初始化队列 done [] []
[2018-12-30 12:15:38] xcrawler.dytt8:index.INFO: 爬取 start [] []
[2018-12-30 12:15:40] xcrawler.dytt8:index.INFO: 爬取 done 花费时间:1.724407s 线程数:1 总页数:1 请求成功次数:1 请求失败次数:0 解析失败次数:0 [] []
[2018-12-30 12:16:01] xcrawler.dytt8:index.INFO: 初始化队列 start [] []
[2018-12-30 12:16:01] xcrawler.dytt8:index.INFO: 初始化队列 done [] []
[2018-12-30 12:16:01] xcrawler.dytt8:index.INFO: 爬取 start [] []
[2018-12-30 12:16:03] xcrawler.dytt8:index.INFO: 爬取 done 花费时间:1.773069s 线程数:1 总页数:1 请求成功次数:1 请求失败次数:0 解析失败次数:0 [] []
[2018-12-30 12:16:41] xcrawler.dytt8:index.INFO: 初始化队列 start [] []
[2018-12-30 12:16:41] xcrawler.dytt8:index.INFO: 初始化队列 done [] []
[2018-12-30 12:16:41] xcrawler.dytt8:index.INFO: 爬取 start [] []
[2018-12-30 12:16:42] xcrawler.dytt8:index.INFO: 爬取 done 花费时间:1.643428s 线程数:1 总页数:1 请求成功次数:1 请求失败次数:0 解析失败次数:0 [] []
[2018-12-30 12:18:52] xcrawler.dytt8:index.INFO: 初始化队列 start [] []
[2018-12-30 12:18:52] xcrawler.dytt8:index.INFO: 初始化队列 done [] []
[2018-12-30 12:18:52] xcrawler.dytt8:index.INFO: 爬取 start [] []
[2018-12-30 12:18:54] xcrawler.dytt8:index.INFO: 爬取 done 花费时间:1.849498s 线程数:1 总页数:1 请求成功次数:1 请求失败次数:0 解析失败次数:0 [] []
[2018-12-30 12:21:14] xcrawler.dytt8:index.INFO: 初始化队列 start [] []
[2018-12-30 12:21:14] xcrawler.dytt8:index.INFO: 初始化队列 done [] []
[2018-12-30 12:21:14] xcrawler.dytt8:index.INFO: 爬取 start [] []
[2018-12-30 12:21:54] xcrawler.dytt8:index.INFO: 初始化队列 start [] []
[2018-12-30 12:21:54] xcrawler.dytt8:index.INFO: 初始化队列 done [] []
[2018-12-30 12:21:54] xcrawler.dytt8:index.INFO: 爬取 start [] []
[2018-12-30 12:22:12] xcrawler.dytt8:index.INFO: 初始化队列 start [] []
[2018-12-30 12:22:12] xcrawler.dytt8:index.INFO: 初始化队列 done [] []
[2018-12-30 12:22:12] xcrawler.dytt8:index.INFO: 爬取 start [] []
[2018-12-30 12:22:14] xcrawler.dytt8:index.INFO: 爬取 done 花费时间:1.555099s 线程数:1 总页数:1 请求成功次数:1 请求失败次数:0 解析失败次数:0 [] []
[2018-12-30 12:22:44] xcrawler.dytt8:index.INFO: 初始化队列 start [] []
[2018-12-30 12:22:44] xcrawler.dytt8:index.INFO: 初始化队列 done [] []
[2018-12-30 12:22:44] xcrawler.dytt8:index.INFO: 爬取 start [] []
[2018-12-30 12:22:46] xcrawler.dytt8:index.INFO: 爬取 done 花费时间:1.481046s 线程数:1 总页数:1 请求成功次数:1 请求失败次数:0 解析失败次数:0 [] []
[2018-12-30 12:23:30] xcrawler.dytt8:index.INFO: 初始化队列 start [] []
[2018-12-30 12:23:30] xcrawler.dytt8:index.INFO: 初始化队列 done [] []
[2018-12-30 12:23:30] xcrawler.dytt8:index.INFO: 爬取 start [] []
[2018-12-30 12:23:32] xcrawler.dytt8:index.INFO: 爬取 done 花费时间:1.594943s 线程数:1 总页数:1 请求成功次数:1 请求失败次数:0 解析失败次数:0 [] []
[2018-12-30 12:23:51] xcrawler.dytt8:index.INFO: 初始化队列 start [] []
[2018-12-30 12:23:51] xcrawler.dytt8:index.INFO: 初始化队列 done [] []
[2018-12-30 12:23:51] xcrawler.dytt8:index.INFO: 爬取 start [] []
[2018-12-30 12:23:52] xcrawler.dytt8:index.INFO: 爬取 done 花费时间:1.510304s 线程数:1 总页数:1 请求成功次数:1 请求失败次数:0 解析失败次数:0 [] []
[2018-12-30 12:24:07] xcrawler.dytt8:index.INFO: 初始化队列 start [] []
[2018-12-30 12:24:07] xcrawler.dytt8:index.INFO: 初始化队列 done [] []
[2018-12-30 12:24:07] xcrawler.dytt8:index.INFO: 爬取 start [] []
[2018-12-30 12:24:09] xcrawler.dytt8:index.INFO: 爬取 done 花费时间:1.582233s 线程数:1 总页数:1 请求成功次数:1 请求失败次数:0 解析失败次数:0 [] []
[2018-12-30 12:24:17] xcrawler.dytt8:index.INFO: 初始化队列 start [] []
[2018-12-30 12:24:18] xcrawler.dytt8:index.INFO: 初始化队列 done [] []
[2018-12-30 12:24:18] xcrawler.dytt8:index.INFO: 爬取 start [] []
[2018-12-30 12:24:19] xcrawler.dytt8:index.INFO: 爬取 done 花费时间:1.552791s 线程数:1 总页数:1 请求成功次数:1 请求失败次数:0 解析失败次数:0 [] []
[2018-12-30 12:29:59] xcrawler.dytt8:index.INFO: 初始化队列 start [] []
[2018-12-30 12:29:59] xcrawler.dytt8:index.INFO: 初始化队列 done [] []
[2018-12-30 12:29:59] xcrawler.dytt8:index.INFO: 爬取 start [] []
[2018-12-30 12:30:00] xcrawler.dytt8:index.ERROR: 数据解析失败 {"prefix":"xcrawler:dytt8:index","request":{"method":"get","uri":"https://www.dytt8.net/html/gndy/dyzz/index.html"},"error_type":"crawler_exception","reason":"Undefined variable: xcrawler","error_time":1546173000} []
[2018-12-30 12:30:00] xcrawler.dytt8:index.INFO: 爬取 done 花费时间:1.597794s 线程数:1 总页数:1 请求成功次数:1 请求失败次数:0 解析失败次数:1 [] []
[2018-12-30 12:31:29] xcrawler.dytt8:index.INFO: 初始化队列 start [] []
[2018-12-30 12:31:30] xcrawler.dytt8:index.INFO: 初始化队列 done [] []
[2018-12-30 12:31:30] xcrawler.dytt8:index.INFO: 爬取 start [] []
[2018-12-30 12:31:31] xcrawler.dytt8:index.ERROR: 数据解析失败 {"prefix":"xcrawler:dytt8:index","request":{"method":"get","uri":"https://www.dytt8.net/html/gndy/dyzz/index.html"},"error_type":"crawler_exception","reason":"Undefined variable: xcrawler","error_time":1546173091} []
[2018-12-30 12:31:31] xcrawler.dytt8:index.INFO: 爬取 done 花费时间:1.746224s 线程数:1 总页数:1 请求成功次数:1 请求失败次数:0 解析失败次数:1 [] []
[2018-12-30 12:32:04] xcrawler.dytt8:index.INFO: 初始化队列 start [] []
[2018-12-30 12:32:04] xcrawler.dytt8:index.INFO: 初始化队列 done [] []
[2018-12-30 12:32:04] xcrawler.dytt8:index.INFO: 爬取 start [] []
[2018-12-30 12:32:06] xcrawler.dytt8:index.ERROR: 数据解析失败 {"prefix":"xcrawler:dytt8:index","request":{"method":"get","uri":"https://www.dytt8.net/html/gndy/dyzz/index.html"},"error_type":"crawler_exception","reason":"Undefined variable: xcrawler","error_time":1546173126} []
[2018-12-30 12:32:06] xcrawler.dytt8:index.INFO: 爬取 done 花费时间:1.779010s 线程数:1 总页数:1 请求成功次数:1 请求失败次数:0 解析失败次数:1 [] []
[2018-12-30 12:32:46] xcrawler.dytt8:index.INFO: 初始化队列 start [] []
[2018-12-30 12:32:46] xcrawler.dytt8:index.INFO: 初始化队列 done [] []
[2018-12-30 12:32:46] xcrawler.dytt8:index.INFO: 爬取 start [] []
[2018-12-30 12:32:48] xcrawler.dytt8:index.ERROR: 数据解析失败 {"prefix":"xcrawler:dytt8:index","request":{"method":"get","uri":"https://www.dytt8.net/html/gndy/dyzz/index.html"},"error_type":"crawler_exception","reason":"Undefined variable: xcrawler","error_time":1546173168} []
[2018-12-30 12:32:48] xcrawler.dytt8:index.INFO: 爬取 done 花费时间:1.719258s 线程数:1 总页数:1 请求成功次数:1 请求失败次数:0 解析失败次数:1 [] []
[2018-12-30 12:33:49] xcrawler.dytt8:index.INFO: 初始化队列 start [] []
[2018-12-30 12:33:49] xcrawler.dytt8:index.INFO: 初始化队列 done [] []
[2018-12-30 12:33:49] xcrawler.dytt8:index.INFO: 爬取 start [] []
[2018-12-30 12:33:50] xcrawler.dytt8:index.ERROR: 数据解析失败 {"prefix":"xcrawler:dytt8:index","request":{"method":"get","uri":"https://www.dytt8.net/html/gndy/dyzz/index.html"},"error_type":"crawler_exception","reason":"Undefined variable: xcrawler","error_time":1546173230} []
[2018-12-30 12:33:50] xcrawler.dytt8:index.INFO: 爬取 done 花费时间:1.285330s 线程数:1 总页数:1 请求成功次数:1 请求失败次数:0 解析失败次数:1 [] []
[2018-12-30 12:34:09] xcrawler.dytt8:index.INFO: 初始化队列 start [] []
[2018-12-30 12:34:09] xcrawler.dytt8:index.INFO: 初始化队列 done [] []
[2018-12-30 12:34:09] xcrawler.dytt8:index.INFO: 爬取 start [] []
[2018-12-30 12:34:14] xcrawler.dytt8:index.ERROR: 数据解析失败 {"prefix":"xcrawler:dytt8:index","request":{"method":"get","uri":"https://www.dytt8.net/html/gndy/dyzz/index.html"},"error_type":"crawler_exception","reason":"Undefined variable: xcrawler","error_time":1546173254} []
[2018-12-30 12:34:14] xcrawler.dytt8:index.INFO: 爬取 done 花费时间:4.809432s 线程数:1 总页数:1 请求成功次数:1 请求失败次数:0 解析失败次数:1 [] []
[2018-12-30 12:37:02] xcrawler.dytt8:index.INFO: 初始化队列 start [] []
[2018-12-30 12:38:34] xcrawler.dytt8:index.INFO: 初始化队列 start [] []
[2018-12-30 12:39:07] xcrawler.dytt8:index.INFO: 初始化队列 start [] []
[2018-12-30 12:39:07] xcrawler.dytt8:index.INFO: 初始化队列 done [] []
[2018-12-30 12:39:07] xcrawler.dytt8:index.INFO: 爬取 start [] []
[2018-12-30 12:39:09] xcrawler.dytt8:index.ERROR: 数据解析失败 {"prefix":"xcrawler:dytt8:index","request":{"method":"get","uri":"https://www.dytt8.net/html/gndy/dyzz/list_23_1.html","callback_data":{"is_first_page":1}},"error_type":"crawler_exception","reason":"Undefined variable: xcrawler","error_time":1546173549} []
[2018-12-30 12:39:09] xcrawler.dytt8:index.INFO: 爬取 done 花费时间:2.351489s 线程数:1 总页数:1 请求成功次数:1 请求失败次数:0 解析失败次数:1 [] []
[2018-12-30 12:39:38] xcrawler.dytt8:index.INFO: 初始化队列 start [] []
[2018-12-30 12:39:38] xcrawler.dytt8:index.INFO: 初始化队列 done [] []
[2018-12-30 12:39:38] xcrawler.dytt8:index.INFO: 爬取 start [] []
[2018-12-30 12:39:41] xcrawler.dytt8:index.ERROR: 数据解析失败 {"prefix":"xcrawler:dytt8:index","request":{"method":"get","uri":"https://www.dytt8.net/html/gndy/dyzz/list_23_1.html","callback_data":{"is_first_page":1}},"error_type":"crawler_exception","reason":"Undefined variable: xcrawler","error_time":1546173581} []
[2018-12-30 12:39:41] xcrawler.dytt8:index.INFO: 爬取 done 花费时间:2.048271s 线程数:1 总页数:1 请求成功次数:1 请求失败次数:0 解析失败次数:1 [] []
[2018-12-30 12:39:52] xcrawler.dytt8:index.INFO: 初始化队列 start [] []
[2018-12-30 12:39:52] xcrawler.dytt8:index.INFO: 初始化队列 done [] []
[2018-12-30 12:39:52] xcrawler.dytt8:index.INFO: 爬取 start [] []
[2018-12-30 12:39:54] xcrawler.dytt8:index.ERROR: 数据解析失败 {"prefix":"xcrawler:dytt8:index","request":{"method":"get","uri":"https://www.dytt8.net/html/gndy/dyzz/list_23_1.html","callback_data":{"is_first_page":1}},"error_type":"crawler_exception","reason":"Undefined variable: xcrawler","error_time":1546173594} []
[2018-12-30 12:39:54] xcrawler.dytt8:index.INFO: 爬取 done 花费时间:1.853635s 线程数:1 总页数:1 请求成功次数:1 请求失败次数:0 解析失败次数:1 [] []
[2018-12-30 12:40:23] xcrawler.dytt8:index.INFO: 初始化队列 start [] []
[2018-12-30 12:40:23] xcrawler.dytt8:index.INFO: 初始化队列 done [] []
[2018-12-30 12:40:23] xcrawler.dytt8:index.INFO: 爬取 start [] []
[2018-12-30 12:40:24] xcrawler.dytt8:index.ERROR: 数据解析失败 {"prefix":"xcrawler:dytt8:index","request":{"method":"get","uri":"https://www.dytt8.net/html/gndy/dyzz/list_23_1.html","callback_data":{"is_first_page":1}},"error_type":"crawler_exception","reason":"Undefined variable: xcrawler","error_time":1546173624} []
[2018-12-30 12:40:24] xcrawler.dytt8:index.INFO: 爬取 done 花费时间:1.445583s 线程数:1 总页数:1 请求成功次数:1 请求失败次数:0 解析失败次数:1 [] []
[2018-12-30 12:42:56] xcrawler.dytt8:index.INFO: 初始化队列 start [] []
[2018-12-30 12:42:56] xcrawler.dytt8:index.INFO: 初始化队列 done [] []
[2018-12-30 12:42:56] xcrawler.dytt8:index.INFO: 爬取 start [] []
[2018-12-30 12:42:58] xcrawler.dytt8:index.ERROR: 数据解析失败 {"prefix":"xcrawler:dytt8:index","request":{"method":"get","uri":"https://www.dytt8.net/html/gndy/dyzz/list_23_1.html","callback_data":{"is_first_page":1}},"error_type":"crawler_exception","reason":"Undefined variable: xcrawler","error_time":1546173778} []
[2018-12-30 12:42:58] xcrawler.dytt8:index.INFO: 爬取 done 花费时间:1.432246s 线程数:1 总页数:1 请求成功次数:1 请求失败次数:0 解析失败次数:1 [] []
[2018-12-30 12:43:15] xcrawler.dytt8:index.INFO: 初始化队列 start [] []
[2018-12-30 12:43:15] xcrawler.dytt8:index.INFO: 初始化队列 done [] []
[2018-12-30 12:43:15] xcrawler.dytt8:index.INFO: 爬取 start [] []
[2018-12-30 12:43:17] xcrawler.dytt8:index.ERROR: 数据解析失败 {"prefix":"xcrawler:dytt8:index","request":{"method":"get","uri":"https://www.dytt8.net/html/gndy/dyzz/list_23_1.html","callback_data":{"is_first_page":1}},"error_type":"crawler_exception","reason":"Undefined variable: xcrawler","error_time":1546173797} []
[2018-12-30 12:43:17] xcrawler.dytt8:index.INFO: 爬取 done 花费时间:1.424215s 线程数:1 总页数:1 请求成功次数:1 请求失败次数:0 解析失败次数:1 [] []
[2018-12-30 12:43:46] xcrawler.dytt8:index.INFO: 初始化队列 start [] []
[2018-12-30 12:43:46] xcrawler.dytt8:index.INFO: 初始化队列 done [] []
[2018-12-30 12:43:46] xcrawler.dytt8:index.INFO: 爬取 start [] []
[2018-12-30 12:43:47] xcrawler.dytt8:index.INFO: 爬取 done 花费时间:1.432412s 线程数:1 总页数:1 请求成功次数:1 请求失败次数:0 解析失败次数:0 [] []
[2018-12-30 12:48:17] xcrawler.dytt8:index.INFO: 初始化队列 start [] []
[2018-12-30 12:48:17] xcrawler.dytt8:index.INFO: 初始化队列 done [] []
[2018-12-30 12:48:17] xcrawler.dytt8:index.INFO: 爬取 start [] []
[2018-12-30 12:48:23] xcrawler.dytt8:index.INFO: 爬取 done 花费时间:5.769483s 线程数:1 总页数:2 请求成功次数:2 请求失败次数:0 解析失败次数:0 [] []
[2018-12-30 12:49:17] xcrawler.dytt8:index.INFO: 初始化队列 start [] []
[2018-12-30 12:49:18] xcrawler.dytt8:index.INFO: 初始化队列 done [] []
[2018-12-30 12:49:18] xcrawler.dytt8:index.INFO: 爬取 start [] []
[2018-12-30 12:49:19] xcrawler.dytt8:index.INFO: 爬取 done 花费时间:1.572171s 线程数:2 总页数:2 请求成功次数:2 请求失败次数:0 解析失败次数:0 [] []
[2018-12-30 12:49:30] xcrawler.dytt8:index.INFO: 初始化队列 start [] []
[2018-12-30 12:49:30] xcrawler.dytt8:index.INFO: 初始化队列 done [] []
[2018-12-30 12:49:30] xcrawler.dytt8:index.INFO: 爬取 start [] []
[2018-12-30 12:49:33] xcrawler.dytt8:index.INFO: 爬取 done 花费时间:2.710804s 线程数:1 总页数:2 请求成功次数:2 请求失败次数:0 解析失败次数:0 [] []
[2018-12-30 12:50:45] xcrawler.dytt8:index.INFO: 初始化队列 start [] []
[2018-12-30 12:50:45] xcrawler.dytt8:index.INFO: 初始化队列 done [] []
[2018-12-30 12:50:45] xcrawler.dytt8:index.INFO: 爬取 start [] []
[2018-12-30 12:50:49] xcrawler.dytt8:index.ERROR: 数据解析失败 {"prefix":"xcrawler:dytt8:index","request":{"method":"get","uri":"https://www.dytt8.net/html/gndy/dyzz/list_23_24.html"},"error_type":"crawler_exception","reason":"iconv(): Detected an illegal character in input string","error_time":1546174249} []
[2018-12-30 12:50:49] xcrawler.dytt8:index.ERROR: 数据解析失败 {"prefix":"xcrawler:dytt8:index","request":{"method":"get","uri":"https://www.dytt8.net/html/gndy/dyzz/list_23_25.html"},"error_type":"crawler_exception","reason":"iconv(): Detected an illegal character in input string","error_time":1546174249} []
[2018-12-30 12:50:49] xcrawler.dytt8:index.ERROR: 数据解析失败 {"prefix":"xcrawler:dytt8:index","request":{"method":"get","uri":"https://www.dytt8.net/html/gndy/dyzz/list_23_29.html"},"error_type":"crawler_exception","reason":"iconv(): Detected an illegal character in input string","error_time":1546174249} []
[2018-12-30 12:50:49] xcrawler.dytt8:index.ERROR: 数据解析失败 {"prefix":"xcrawler:dytt8:index","request":{"method":"get","uri":"https://www.dytt8.net/html/gndy/dyzz/list_23_5.html"},"error_type":"crawler_exception","reason":"iconv(): Detected an illegal character in input string","error_time":1546174249} []
[2018-12-30 12:50:49] xcrawler.dytt8:index.ERROR: 数据解析失败 {"prefix":"xcrawler:dytt8:index","request":{"method":"get","uri":"https://www.dytt8.net/html/gndy/dyzz/list_23_8.html"},"error_type":"crawler_exception","reason":"iconv(): Detected an illegal character in input string","error_time":1546174249} []
[2018-12-30 12:50:50] xcrawler.dytt8:index.ERROR: 数据解析失败 {"prefix":"xcrawler:dytt8:index","request":{"method":"get","uri":"https://www.dytt8.net/html/gndy/dyzz/list_23_12.html"},"error_type":"crawler_exception","reason":"iconv(): Detected an illegal character in input string","error_time":1546174250} []
[2018-12-30 12:50:50] xcrawler.dytt8:index.ERROR: 数据解析失败 {"prefix":"xcrawler:dytt8:index","request":{"method":"get","uri":"https://www.dytt8.net/html/gndy/dyzz/list_23_13.html"},"error_type":"crawler_exception","reason":"iconv(): Detected an illegal character in input string","error_time":1546174250} []
[2018-12-30 12:50:50] xcrawler.dytt8:index.ERROR: 数据解析失败 {"prefix":"xcrawler:dytt8:index","request":{"method":"get","uri":"https://www.dytt8.net/html/gndy/dyzz/list_23_19.html"},"error_type":"crawler_exception","reason":"iconv(): Detected an illegal character in input string","error_time":1546174250} []
[2018-12-30 12:50:50] xcrawler.dytt8:index.ERROR: 数据解析失败 {"prefix":"xcrawler:dytt8:index","request":{"method":"get","uri":"https://www.dytt8.net/html/gndy/dyzz/list_23_28.html"},"error_type":"crawler_exception","reason":"iconv(): Detected an illegal character in input string","error_time":1546174250} []
[2018-12-30 12:50:50] xcrawler.dytt8:index.ERROR: 数据解析失败 {"prefix":"xcrawler:dytt8:index","request":{"method":"get","uri":"https://www.dytt8.net/html/gndy/dyzz/list_23_30.html"},"error_type":"crawler_exception","reason":"iconv(): Detected an illegal character in input string","error_time":1546174250} []
[2018-12-30 12:50:50] xcrawler.dytt8:index.ERROR: 数据解析失败 {"prefix":"xcrawler:dytt8:index","request":{"method":"get","uri":"https://www.dytt8.net/html/gndy/dyzz/list_23_31.html"},"error_type":"crawler_exception","reason":"iconv(): Detected an illegal character in input string","error_time":1546174250} []
[2018-12-30 12:50:50] xcrawler.dytt8:index.ERROR: 数据解析失败 {"prefix":"xcrawler:dytt8:index","request":{"method":"get","uri":"https://www.dytt8.net/html/gndy/dyzz/list_23_114.html"},"error_type":"crawler_exception","reason":"iconv(): Detected an illegal character in input string","error_time":1546174250} []
[2018-12-30 12:50:50] xcrawler.dytt8:index.ERROR: 数据解析失败 {"prefix":"xcrawler:dytt8:index","request":{"method":"get","uri":"https://www.dytt8.net/html/gndy/dyzz/list_23_181.html"},"error_type":"crawler_exception","reason":"iconv(): Detected an illegal character in input string","error_time":1546174250} []
[2018-12-30 12:50:50] xcrawler.dytt8:index.ERROR: 数据解析失败 {"prefix":"xcrawler:dytt8:index","request":{"method":"get","uri":"https://www.dytt8.net/html/gndy/dyzz/list_23_178.html"},"error_type":"crawler_exception","reason":"iconv(): Detected an illegal character in input string","error_time":1546174250} []
[2018-12-30 12:50:50] xcrawler.dytt8:index.ERROR: 数据解析失败 {"prefix":"xcrawler:dytt8:index","request":{"method":"get","uri":"https://www.dytt8.net/html/gndy/dyzz/list_23_118.html"},"error_type":"crawler_exception","reason":"iconv(): Detected an illegal character in input string","error_time":1546174250} []
[2018-12-30 12:50:50] xcrawler.dytt8:index.ERROR: 数据解析失败 {"prefix":"xcrawler:dytt8:index","request":{"method":"get","uri":"https://www.dytt8.net/html/gndy/dyzz/list_23_153.html"},"error_type":"crawler_exception","reason":"iconv(): Detected an illegal character in input string","error_time":1546174250} []
[2018-12-30 12:50:50] xcrawler.dytt8:index.ERROR: 数据解析失败 {"prefix":"xcrawler:dytt8:index","request":{"method":"get","uri":"https://www.dytt8.net/html/gndy/dyzz/list_23_33.html"},"error_type":"crawler_exception","reason":"iconv(): Detected an illegal character in input string","error_time":1546174250} []
[2018-12-30 12:50:50] xcrawler.dytt8:index.ERROR: 数据解析失败 {"prefix":"xcrawler:dytt8:index","request":{"method":"get","uri":"https://www.dytt8.net/html/gndy/dyzz/list_23_43.html"},"error_type":"crawler_exception","reason":"iconv(): Detected an illegal character in input string","error_time":1546174250} []
[2018-12-30 12:50:50] xcrawler.dytt8:index.ERROR: 数据解析失败 {"prefix":"xcrawler:dytt8:index","request":{"method":"get","uri":"https://www.dytt8.net/html/gndy/dyzz/list_23_64.html"},"error_type":"crawler_exception","reason":"iconv(): Detected an illegal character in input string","error_time":1546174250} []
[2018-12-30 12:50:50] xcrawler.dytt8:index.ERROR: 数据解析失败 {"prefix":"xcrawler:dytt8:index","request":{"method":"get","uri":"https://www.dytt8.net/html/gndy/dyzz/list_23_74.html"},"error_type":"crawler_exception","reason":"iconv(): Detected an illegal character in input string","error_time":1546174250} []
[2018-12-30 12:50:50] xcrawler.dytt8:index.ERROR: 数据解析失败 {"prefix":"xcrawler:dytt8:index","request":{"method":"get","uri":"https://www.dytt8.net/html/gndy/dyzz/list_23_85.html"},"error_type":"crawler_exception","reason":"iconv(): Detected an illegal character in input string","error_time":1546174250} []
[2018-12-30 12:50:50] xcrawler.dytt8:index.ERROR: 数据解析失败 {"prefix":"xcrawler:dytt8:index","request":{"method":"get","uri":"https://www.dytt8.net/html/gndy/dyzz/list_23_97.html"},"error_type":"crawler_exception","reason":"iconv(): Detected an illegal character in input string","error_time":1546174250} []
[2018-12-30 12:50:50] xcrawler.dytt8:index.ERROR: 数据解析失败 {"prefix":"xcrawler:dytt8:index","request":{"method":"get","uri":"https://www.dytt8.net/html/gndy/dyzz/list_23_103.html"},"error_type":"crawler_exception","reason":"iconv(): Detected an illegal character in input string","error_time":1546174250} []
[2018-12-30 12:50:50] xcrawler.dytt8:index.ERROR: 数据解析失败 {"prefix":"xcrawler:dytt8:index","request":{"method":"get","uri":"https://www.dytt8.net/html/gndy/dyzz/list_23_106.html"},"error_type":"crawler_exception","reason":"iconv(): Detected an illegal character in input string","error_time":1546174250} []
[2018-12-30 12:50:50] xcrawler.dytt8:index.ERROR: 数据解析失败 {"prefix":"xcrawler:dytt8:index","request":{"method":"get","uri":"https://www.dytt8.net/html/gndy/dyzz/list_23_123.html"},"error_type":"crawler_exception","reason":"iconv(): Detected an illegal character in input string","error_time":1546174250} []
[2018-12-30 12:50:50] xcrawler.dytt8:index.ERROR: 数据解析失败 {"prefix":"xcrawler:dytt8:index","request":{"method":"get","uri":"https://www.dytt8.net/html/gndy/dyzz/list_23_127.html"},"error_type":"crawler_exception","reason":"iconv(): Detected an illegal character in input string","error_time":1546174250} []
[2018-12-30 12:50:50] xcrawler.dytt8:index.ERROR: 数据解析失败 {"prefix":"xcrawler:dytt8:index","request":{"method":"get","uri":"https://www.dytt8.net/html/gndy/dyzz/list_23_129.html"},"error_type":"crawler_exception","reason":"iconv(): Detected an illegal character in input string","error_time":1546174250} []
[2018-12-30 12:50:50] xcrawler.dytt8:index.ERROR: 数据解析失败 {"prefix":"xcrawler:dytt8:index","request":{"method":"get","uri":"https://www.dytt8.net/html/gndy/dyzz/list_23_131.html"},"error_type":"crawler_exception","reason":"iconv(): Detected an illegal character in input string","error_time":1546174250} []
[2018-12-30 12:50:50] xcrawler.dytt8:index.ERROR: 数据解析失败 {"prefix":"xcrawler:dytt8:index","request":{"method":"get","uri":"https://www.dytt8.net/html/gndy/dyzz/list_23_133.html"},"error_type":"crawler_exception","reason":"iconv(): Detected an illegal character in input string","error_time":1546174250} []
[2018-12-30 12:50:50] xcrawler.dytt8:index.ERROR: 数据解析失败 {"prefix":"xcrawler:dytt8:index","request":{"method":"get","uri":"https://www.dytt8.net/html/gndy/dyzz/list_23_136.html"},"error_type":"crawler_exception","reason":"iconv(): Detected an illegal character in input string","error_time":1546174250} []
[2018-12-30 12:50:50] xcrawler.dytt8:index.ERROR: 数据解析失败 {"prefix":"xcrawler:dytt8:index","request":{"method":"get","uri":"https://www.dytt8.net/html/gndy/dyzz/list_23_138.html"},"error_type":"crawler_exception","reason":"iconv(): Detected an illegal character in input string","error_time":1546174250} []
[2018-12-30 12:50:50] xcrawler.dytt8:index.ERROR: 数据解析失败 {"prefix":"xcrawler:dytt8:index","request":{"method":"get","uri":"https://www.dytt8.net/html/gndy/dyzz/list_23_141.html"},"error_type":"crawler_exception","reason":"iconv(): Detected an illegal character in input string","error_time":1546174250} []
[2018-12-30 12:50:50] xcrawler.dytt8:index.ERROR: 数据解析失败 {"prefix":"xcrawler:dytt8:index","request":{"method":"get","uri":"https://www.dytt8.net/html/gndy/dyzz/list_23_143.html"},"error_type":"crawler_exception","reason":"iconv(): Detected an illegal character in input string","error_time":1546174250} []
[2018-12-30 12:50:50] xcrawler.dytt8:index.INFO: 爬取进度:27%, 已爬取:50个页面, 剩余页面:135 [] []
[2018-12-30 12:50:50] xcrawler.dytt8:index.ERROR: 数据解析失败 {"prefix":"xcrawler:dytt8:index","request":{"method":"get","uri":"https://www.dytt8.net/html/gndy/dyzz/list_23_150.html"},"error_type":"crawler_exception","reason":"iconv(): Detected an illegal character in input string","error_time":1546174250} []
[2018-12-30 12:50:50] xcrawler.dytt8:index.ERROR: 数据解析失败 {"prefix":"xcrawler:dytt8:index","request":{"method":"get","uri":"https://www.dytt8.net/html/gndy/dyzz/list_23_151.html"},"error_type":"crawler_exception","reason":"iconv(): Detected an illegal character in input string","error_time":1546174250} []
[2018-12-30 12:50:50] xcrawler.dytt8:index.ERROR: 数据解析失败 {"prefix":"xcrawler:dytt8:index","request":{"method":"get","uri":"https://www.dytt8.net/html/gndy/dyzz/list_23_154.html"},"error_type":"crawler_exception","reason":"iconv(): Detected an illegal character in input string","error_time":1546174250} []
[2018-12-30 12:50:50] xcrawler.dytt8:index.ERROR: 数据解析失败 {"prefix":"xcrawler:dytt8:index","request":{"method":"get","uri":"https://www.dytt8.net/html/gndy/dyzz/list_23_157.html"},"error_type":"crawler_exception","reason":"iconv(): Detected an illegal character in input string","error_time":1546174250} []
[2018-12-30 12:50:50] xcrawler.dytt8:index.ERROR: 数据解析失败 {"prefix":"xcrawler:dytt8:index","request":{"method":"get","uri":"https://www.dytt8.net/html/gndy/dyzz/list_23_161.html"},"error_type":"crawler_exception","reason":"iconv(): Detected an illegal character in input string","error_time":1546174250} []
[2018-12-30 12:50:50] xcrawler.dytt8:index.ERROR: 数据解析失败 {"prefix":"xcrawler:dytt8:index","request":{"method":"get","uri":"https://www.dytt8.net/html/gndy/dyzz/list_23_163.html"},"error_type":"crawler_exception","reason":"iconv(): Detected an illegal character in input string","error_time":1546174250} []
[2018-12-30 12:50:50] xcrawler.dytt8:index.ERROR: 数据解析失败 {"prefix":"xcrawler:dytt8:index","request":{"method":"get","uri":"https://www.dytt8.net/html/gndy/dyzz/list_23_166.html"},"error_type":"crawler_exception","reason":"iconv(): Detected an illegal character in input string","error_time":1546174250} []
[2018-12-30 12:50:50] xcrawler.dytt8:index.ERROR: 数据解析失败 {"prefix":"xcrawler:dytt8:index","request":{"method":"get","uri":"https://www.dytt8.net/html/gndy/dyzz/list_23_179.html"},"error_type":"crawler_exception","reason":"iconv(): Detected an illegal character in input string","error_time":1546174250} []
[2018-12-30 12:50:50] xcrawler.dytt8:index.ERROR: 数据解析失败 {"prefix":"xcrawler:dytt8:index","request":{"method":"get","uri":"https://www.dytt8.net/html/gndy/dyzz/list_23_121.html"},"error_type":"crawler_exception","reason":"iconv(): Detected an illegal character in input string","error_time":1546174250} []
[2018-12-30 12:50:51] xcrawler.dytt8:index.ERROR: 数据解析失败 {"prefix":"xcrawler:dytt8:index","request":{"method":"get","uri":"https://www.dytt8.net/html/gndy/dyzz/list_23_96.html"},"error_type":"crawler_exception","reason":"iconv(): Detected an illegal character in input string","error_time":1546174251} []
[2018-12-30 12:50:51] xcrawler.dytt8:index.ERROR: 数据解析失败 {"prefix":"xcrawler:dytt8:index","request":{"method":"get","uri":"https://www.dytt8.net/html/gndy/dyzz/list_23_185.html"},"error_type":"crawler_exception","reason":"iconv(): Detected an illegal character in input string","error_time":1546174251} []
[2018-12-30 12:50:51] xcrawler.dytt8:index.ERROR: 数据解析失败 {"prefix":"xcrawler:dytt8:index","request":{"method":"get","uri":"https://www.dytt8.net/html/gndy/dyzz/list_23_65.html"},"error_type":"crawler_exception","reason":"iconv(): Detected an illegal character in input string","error_time":1546174251} []
[2018-12-30 12:50:51] xcrawler.dytt8:index.ERROR: 数据解析失败 {"prefix":"xcrawler:dytt8:index","request":{"method":"get","uri":"https://www.dytt8.net/html/gndy/dyzz/list_23_23.html"},"error_type":"crawler_exception","reason":"iconv(): Detected an illegal character in input string","error_time":1546174251} []
[2018-12-30 12:50:51] xcrawler.dytt8:index.ERROR: 数据解析失败 {"prefix":"xcrawler:dytt8:index","request":{"method":"get","uri":"https://www.dytt8.net/html/gndy/dyzz/list_23_115.html"},"error_type":"crawler_exception","reason":"iconv(): Detected an illegal character in input string","error_time":1546174251} []
[2018-12-30 12:50:51] xcrawler.dytt8:index.ERROR: 数据解析失败 {"prefix":"xcrawler:dytt8:index","request":{"method":"get","uri":"https://www.dytt8.net/html/gndy/dyzz/list_23_119.html"},"error_type":"crawler_exception","reason":"iconv(): Detected an illegal character in input string","error_time":1546174251} []
[2018-12-30 12:50:51] xcrawler.dytt8:index.ERROR: 数据解析失败 {"prefix":"xcrawler:dytt8:index","request":{"method":"get","uri":"https://www.dytt8.net/html/gndy/dyzz/list_23_117.html"},"error_type":"crawler_exception","reason":"iconv(): Detected an illegal character in input string","error_time":1546174251} []
[2018-12-30 12:50:51] xcrawler.dytt8:index.ERROR: 数据解析失败 {"prefix":"xcrawler:dytt8:index","request":{"method":"get","uri":"https://www.dytt8.net/html/gndy/dyzz/list_23_80.html"},"error_type":"crawler_exception","reason":"iconv(): Detected an illegal character in input string","error_time":1546174251} []
[2018-12-30 12:50:51] xcrawler.dytt8:index.ERROR: 数据解析失败 {"prefix":"xcrawler:dytt8:index","request":{"method":"get","uri":"https://www.dytt8.net/html/gndy/dyzz/list_23_53.html"},"error_type":"crawler_exception","reason":"iconv(): Detected an illegal character in input string","error_time":1546174251} []
[2018-12-30 12:50:52] xcrawler.dytt8:index.ERROR: 数据解析失败 {"prefix":"xcrawler:dytt8:index","request":{"method":"get","uri":"https://www.dytt8.net/html/gndy/dyzz/list_23_145.html"},"error_type":"crawler_exception","reason":"iconv(): Detected an illegal character in input string","error_time":1546174252} []
[2018-12-30 12:50:52] xcrawler.dytt8:index.ERROR: 数据解析失败 {"prefix":"xcrawler:dytt8:index","request":{"method":"get","uri":"https://www.dytt8.net/html/gndy/dyzz/list_23_175.html"},"error_type":"crawler_exception","reason":"iconv(): Detected an illegal character in input string","error_time":1546174252} []
[2018-12-30 12:50:52] xcrawler.dytt8:index.ERROR: 数据解析失败 {"prefix":"xcrawler:dytt8:index","request":{"method":"get","uri":"https://www.dytt8.net/html/gndy/dyzz/list_23_182.html"},"error_type":"crawler_exception","reason":"iconv(): Detected an illegal character in input string","error_time":1546174252} []
[2018-12-30 12:50:52] xcrawler.dytt8:index.ERROR: 数据解析失败 {"prefix":"xcrawler:dytt8:index","request":{"method":"get","uri":"https://www.dytt8.net/html/gndy/dyzz/list_23_139.html"},"error_type":"crawler_exception","reason":"iconv(): Detected an illegal character in input string","error_time":1546174252} []
[2018-12-30 12:50:52] xcrawler.dytt8:index.ERROR: 数据解析失败 {"prefix":"xcrawler:dytt8:index","request":{"method":"get","uri":"https://www.dytt8.net/html/gndy/dyzz/list_23_88.html"},"error_type":"crawler_exception","reason":"iconv(): Detected an illegal character in input string","error_time":1546174252} []
[2018-12-30 12:50:52] xcrawler.dytt8:index.ERROR: 数据解析失败 {"prefix":"xcrawler:dytt8:index","request":{"method":"get","uri":"https://www.dytt8.net/html/gndy/dyzz/list_23_76.html"},"error_type":"crawler_exception","reason":"iconv(): Detected an illegal character in input string","error_time":1546174252} []
[2018-12-30 12:50:52] xcrawler.dytt8:index.ERROR: 数据解析失败 {"prefix":"xcrawler:dytt8:index","request":{"method":"get","uri":"https://www.dytt8.net/html/gndy/dyzz/list_23_171.html"},"error_type":"crawler_exception","reason":"iconv(): Detected an illegal character in input string","error_time":1546174252} []
[2018-12-30 12:50:52] xcrawler.dytt8:index.ERROR: 数据解析失败 {"prefix":"xcrawler:dytt8:index","request":{"method":"get","uri":"https://www.dytt8.net/html/gndy/dyzz/list_23_78.html"},"error_type":"crawler_exception","reason":"iconv(): Detected an illegal character in input string","error_time":1546174252} []
[2018-12-30 12:50:52] xcrawler.dytt8:index.ERROR: 数据解析失败 {"prefix":"xcrawler:dytt8:index","request":{"method":"get","uri":"https://www.dytt8.net/html/gndy/dyzz/list_23_63.html"},"error_type":"crawler_exception","reason":"iconv(): Detected an illegal character in input string","error_time":1546174252} []
[2018-12-30 12:50:52] xcrawler.dytt8:index.ERROR: 数据解析失败 {"prefix":"xcrawler:dytt8:index","request":{"method":"get","uri":"https://www.dytt8.net/html/gndy/dyzz/list_23_89.html"},"error_type":"crawler_exception","reason":"iconv(): Detected an illegal character in input string","error_time":1546174252} []
[2018-12-30 12:50:52] xcrawler.dytt8:index.ERROR: 数据解析失败 {"prefix":"xcrawler:dytt8:index","request":{"method":"get","uri":"https://www.dytt8.net/html/gndy/dyzz/list_23_101.html"},"error_type":"crawler_exception","reason":"iconv(): Detected an illegal character in input string","error_time":1546174252} []
[2018-12-30 12:50:52] xcrawler.dytt8:index.ERROR: 数据解析失败 {"prefix":"xcrawler:dytt8:index","request":{"method":"get","uri":"https://www.dytt8.net/html/gndy/dyzz/list_23_62.html"},"error_type":"crawler_exception","reason":"iconv(): Detected an illegal character in input string","error_time":1546174252} []
[2018-12-30 12:50:53] xcrawler.dytt8:index.ERROR: 数据解析失败 {"prefix":"xcrawler:dytt8:index","request":{"method":"get","uri":"https://www.dytt8.net/html/gndy/dyzz/list_23_113.html"},"error_type":"crawler_exception","reason":"iconv(): Detected an illegal character in input string","error_time":1546174253} []
[2018-12-30 12:50:53] xcrawler.dytt8:index.ERROR: 数据解析失败 {"prefix":"xcrawler:dytt8:index","request":{"method":"get","uri":"https://www.dytt8.net/html/gndy/dyzz/list_23_112.html"},"error_type":"crawler_exception","reason":"iconv(): Detected an illegal character in input string","error_time":1546174253} []
[2018-12-30 12:50:53] xcrawler.dytt8:index.ERROR: 数据解析失败 {"prefix":"xcrawler:dytt8:index","request":{"method":"get","uri":"https://www.dytt8.net/html/gndy/dyzz/list_23_56.html"},"error_type":"crawler_exception","reason":"iconv(): Detected an illegal character in input string","error_time":1546174253} []
[2018-12-30 12:50:53] xcrawler.dytt8:index.ERROR: 数据解析失败 {"prefix":"xcrawler:dytt8:index","request":{"method":"get","uri":"https://www.dytt8.net/html/gndy/dyzz/list_23_83.html"},"error_type":"crawler_exception","reason":"iconv(): Detected an illegal character in input string","error_time":1546174253} []
[2018-12-30 12:50:53] xcrawler.dytt8:index.ERROR: 数据解析失败 {"prefix":"xcrawler:dytt8:index","request":{"method":"get","uri":"https://www.dytt8.net/html/gndy/dyzz/list_23_152.html"},"error_type":"crawler_exception","reason":"iconv(): Detected an illegal character in input string","error_time":1546174253} []
[2018-12-30 12:50:53] xcrawler.dytt8:index.ERROR: 数据解析失败 {"prefix":"xcrawler:dytt8:index","request":{"method":"get","uri":"https://www.dytt8.net/html/gndy/dyzz/list_23_32.html"},"error_type":"crawler_exception","reason":"iconv(): Detected an illegal character in input string","error_time":1546174253} []
[2018-12-30 12:50:53] xcrawler.dytt8:index.ERROR: 数据解析失败 {"prefix":"xcrawler:dytt8:index","request":{"method":"get","uri":"https://www.dytt8.net/html/gndy/dyzz/list_23_79.html"},"error_type":"crawler_exception","reason":"iconv(): Detected an illegal character in input string","error_time":1546174253} []
[2018-12-30 12:50:53] xcrawler.dytt8:index.ERROR: 数据解析失败 {"prefix":"xcrawler:dytt8:index","request":{"method":"get","uri":"https://www.dytt8.net/html/gndy/dyzz/list_23_82.html"},"error_type":"crawler_exception","reason":"iconv(): Detected an illegal character in input string","error_time":1546174253} []
[2018-12-30 12:50:53] xcrawler.dytt8:index.ERROR: 数据解析失败 {"prefix":"xcrawler:dytt8:index","request":{"method":"get","uri":"https://www.dytt8.net/html/gndy/dyzz/list_23_38.html"},"error_type":"crawler_exception","reason":"iconv(): Detected an illegal character in input string","error_time":1546174253} []
[2018-12-30 12:50:53] xcrawler.dytt8:index.ERROR: 数据解析失败 {"prefix":"xcrawler:dytt8:index","request":{"method":"get","uri":"https://www.dytt8.net/html/gndy/dyzz/list_23_108.html"},"error_type":"crawler_exception","reason":"iconv(): Detected an illegal character in input string","error_time":1546174253} []
[2018-12-30 12:50:53] xcrawler.dytt8:index.ERROR: 数据解析失败 {"prefix":"xcrawler:dytt8:index","request":{"method":"get","uri":"https://www.dytt8.net/html/gndy/dyzz/list_23_132.html"},"error_type":"crawler_exception","reason":"iconv(): Detected an illegal character in input string","error_time":1546174253} []
[2018-12-30 12:50:53] xcrawler.dytt8:index.ERROR: 数据解析失败 {"prefix":"xcrawler:dytt8:index","request":{"method":"get","uri":"https://www.dytt8.net/html/gndy/dyzz/list_23_40.html"},"error_type":"crawler_exception","reason":"iconv(): Detected an illegal character in input string","error_time":1546174253} []
[2018-12-30 12:50:53] xcrawler.dytt8:index.ERROR: 数据解析失败 {"prefix":"xcrawler:dytt8:index","request":{"method":"get","uri":"https://www.dytt8.net/html/gndy/dyzz/list_23_111.html"},"error_type":"crawler_exception","reason":"iconv(): Detected an illegal character in input string","error_time":1546174253} []
[2018-12-30 12:50:53] xcrawler.dytt8:index.ERROR: 数据解析失败 {"prefix":"xcrawler:dytt8:index","request":{"method":"get","uri":"https://www.dytt8.net/html/gndy/dyzz/list_23_146.html"},"error_type":"crawler_exception","reason":"iconv(): Detected an illegal character in input string","error_time":1546174253} []
[2018-12-30 12:50:53] xcrawler.dytt8:index.ERROR: 数据解析失败 {"prefix":"xcrawler:dytt8:index","request":{"method":"get","uri":"https://www.dytt8.net/html/gndy/dyzz/list_23_172.html"},"error_type":"crawler_exception","reason":"iconv(): Detected an illegal character in input string","error_time":1546174253} []
[2018-12-30 12:50:53] xcrawler.dytt8:index.ERROR: 数据解析失败 {"prefix":"xcrawler:dytt8:index","request":{"method":"get","uri":"https://www.dytt8.net/html/gndy/dyzz/list_23_81.html"},"error_type":"crawler_exception","reason":"iconv(): Detected an illegal character in input string","error_time":1546174253} []
[2018-12-30 12:50:53] xcrawler.dytt8:index.ERROR: 数据解析失败 {"prefix":"xcrawler:dytt8:index","request":{"method":"get","uri":"https://www.dytt8.net/html/gndy/dyzz/list_23_54.html"},"error_type":"crawler_exception","reason":"iconv(): Detected an illegal character in input string","error_time":1546174253} []
[2018-12-30 12:50:53] xcrawler.dytt8:index.ERROR: 数据解析失败 {"prefix":"xcrawler:dytt8:index","request":{"method":"get","uri":"https://www.dytt8.net/html/gndy/dyzz/list_23_92.html"},"error_type":"crawler_exception","reason":"iconv(): Detected an illegal character in input string","error_time":1546174253} []
[2018-12-30 12:50:53] xcrawler.dytt8:index.INFO: 爬取进度:54%, 已爬取:100个页面, 剩余页面:85 [] []
[2018-12-30 12:50:53] xcrawler.dytt8:index.ERROR: 数据解析失败 {"prefix":"xcrawler:dytt8:index","request":{"method":"get","uri":"https://www.dytt8.net/html/gndy/dyzz/list_23_91.html"},"error_type":"crawler_exception","reason":"iconv(): Detected an illegal character in input string","error_time":1546174253} []
[2018-12-30 12:50:53] xcrawler.dytt8:index.ERROR: 数据解析失败 {"prefix":"xcrawler:dytt8:index","request":{"method":"get","uri":"https://www.dytt8.net/html/gndy/dyzz/list_23_160.html"},"error_type":"crawler_exception","reason":"iconv(): Detected an illegal character in input string","error_time":1546174253} []
[2018-12-30 12:50:53] xcrawler.dytt8:index.ERROR: 数据解析失败 {"prefix":"xcrawler:dytt8:index","request":{"method":"get","uri":"https://www.dytt8.net/html/gndy/dyzz/list_23_48.html"},"error_type":"crawler_exception","reason":"iconv(): Detected an illegal character in input string","error_time":1546174253} []
[2018-12-30 12:50:53] xcrawler.dytt8:index.ERROR: 数据解析失败 {"prefix":"xcrawler:dytt8:index","request":{"method":"get","uri":"https://www.dytt8.net/html/gndy/dyzz/list_23_49.html"},"error_type":"crawler_exception","reason":"iconv(): Detected an illegal character in input string","error_time":1546174253} []
[2018-12-30 12:50:53] xcrawler.dytt8:index.ERROR: 数据解析失败 {"prefix":"xcrawler:dytt8:index","request":{"method":"get","uri":"https://www.dytt8.net/html/gndy/dyzz/list_23_142.html"},"error_type":"crawler_exception","reason":"iconv(): Detected an illegal character in input string","error_time":1546174253} []
[2018-12-30 12:50:53] xcrawler.dytt8:index.ERROR: 数据解析失败 {"prefix":"xcrawler:dytt8:index","request":{"method":"get","uri":"https://www.dytt8.net/html/gndy/dyzz/list_23_156.html"},"error_type":"crawler_exception","reason":"iconv(): Detected an illegal character in input string","error_time":1546174253} []
[2018-12-30 12:50:53] xcrawler.dytt8:index.ERROR: 数据解析失败 {"prefix":"xcrawler:dytt8:index","request":{"method":"get","uri":"https://www.dytt8.net/html/gndy/dyzz/list_23_159.html"},"error_type":"crawler_exception","reason":"iconv(): Detected an illegal character in input string","error_time":1546174253} []
[2018-12-30 12:50:53] xcrawler.dytt8:index.ERROR: 数据解析失败 {"prefix":"xcrawler:dytt8:index","request":{"method":"get","uri":"https://www.dytt8.net/html/gndy/dyzz/list_23_177.html"},"error_type":"crawler_exception","reason":"iconv(): Detected an illegal character in input string","error_time":1546174253} []
[2018-12-30 12:50:53] xcrawler.dytt8:index.ERROR: 数据解析失败 {"prefix":"xcrawler:dytt8:index","request":{"method":"get","uri":"https://www.dytt8.net/html/gndy/dyzz/list_23_135.html"},"error_type":"crawler_exception","reason":"iconv(): Detected an illegal character in input string","error_time":1546174253} []
[2018-12-30 12:50:53] xcrawler.dytt8:index.ERROR: 数据解析失败 {"prefix":"xcrawler:dytt8:index","request":{"method":"get","uri":"https://www.dytt8.net/html/gndy/dyzz/list_23_46.html"},"error_type":"crawler_exception","reason":"iconv(): Detected an illegal character in input string","error_time":1546174253} []
[2018-12-30 12:50:53] xcrawler.dytt8:index.ERROR: 数据解析失败 {"prefix":"xcrawler:dytt8:index","request":{"method":"get","uri":"https://www.dytt8.net/html/gndy/dyzz/list_23_87.html"},"error_type":"crawler_exception","reason":"iconv(): Detected an illegal character in input string","error_time":1546174253} []
[2018-12-30 12:50:54] xcrawler.dytt8:index.ERROR: 数据解析失败 {"prefix":"xcrawler:dytt8:index","request":{"method":"get","uri":"https://www.dytt8.net/html/gndy/dyzz/list_23_55.html"},"error_type":"crawler_exception","reason":"iconv(): Detected an illegal character in input string","error_time":1546174254} []
[2018-12-30 12:50:54] xcrawler.dytt8:index.ERROR: 数据解析失败 {"prefix":"xcrawler:dytt8:index","request":{"method":"get","uri":"https://www.dytt8.net/html/gndy/dyzz/list_23_126.html"},"error_type":"crawler_exception","reason":"iconv(): Detected an illegal character in input string","error_time":1546174254} []
[2018-12-30 12:50:54] xcrawler.dytt8:index.ERROR: 数据解析失败 {"prefix":"xcrawler:dytt8:index","request":{"method":"get","uri":"https://www.dytt8.net/html/gndy/dyzz/list_23_125.html"},"error_type":"crawler_exception","reason":"iconv(): Detected an illegal character in input string","error_time":1546174254} []
[2018-12-30 12:50:54] xcrawler.dytt8:index.ERROR: 数据解析失败 {"prefix":"xcrawler:dytt8:index","request":{"method":"get","uri":"https://www.dytt8.net/html/gndy/dyzz/list_23_155.html"},"error_type":"crawler_exception","reason":"iconv(): Detected an illegal character in input string","error_time":1546174254} []
[2018-12-30 12:50:54] xcrawler.dytt8:index.ERROR: 数据解析失败 {"prefix":"xcrawler:dytt8:index","request":{"method":"get","uri":"https://www.dytt8.net/html/gndy/dyzz/list_23_124.html"},"error_type":"crawler_exception","reason":"iconv(): Detected an illegal character in input string","error_time":1546174254} []
[2018-12-30 12:50:54] xcrawler.dytt8:index.ERROR: 数据解析失败 {"prefix":"xcrawler:dytt8:index","request":{"method":"get","uri":"https://www.dytt8.net/html/gndy/dyzz/list_23_60.html"},"error_type":"crawler_exception","reason":"iconv(): Detected an illegal character in input string","error_time":1546174254} []
[2018-12-30 12:50:54] xcrawler.dytt8:index.ERROR: 数据解析失败 {"prefix":"xcrawler:dytt8:index","request":{"method":"get","uri":"https://www.dytt8.net/html/gndy/dyzz/list_23_51.html"},"error_type":"crawler_exception","reason":"iconv(): Detected an illegal character in input string","error_time":1546174254} []
[2018-12-30 12:50:54] xcrawler.dytt8:index.ERROR: 数据解析失败 {"prefix":"xcrawler:dytt8:index","request":{"method":"get","uri":"https://www.dytt8.net/html/gndy/dyzz/list_23_134.html"},"error_type":"crawler_exception","reason":"iconv(): Detected an illegal character in input string","error_time":1546174254} []
[2018-12-30 12:50:54] xcrawler.dytt8:index.ERROR: 数据解析失败 {"prefix":"xcrawler:dytt8:index","request":{"method":"get","uri":"https://www.dytt8.net/html/gndy/dyzz/list_23_52.html"},"error_type":"crawler_exception","reason":"iconv(): Detected an illegal character in input string","error_time":1546174254} []
[2018-12-30 12:50:54] xcrawler.dytt8:index.ERROR: 数据解析失败 {"prefix":"xcrawler:dytt8:index","request":{"method":"get","uri":"https://www.dytt8.net/html/gndy/dyzz/list_23_47.html"},"error_type":"crawler_exception","reason":"iconv(): Detected an illegal character in input string","error_time":1546174254} []
[2018-12-30 12:50:54] xcrawler.dytt8:index.ERROR: 数据解析失败 {"prefix":"xcrawler:dytt8:index","request":{"method":"get","uri":"https://www.dytt8.net/html/gndy/dyzz/list_23_122.html"},"error_type":"crawler_exception","reason":"iconv(): Detected an illegal character in input string","error_time":1546174254} []
[2018-12-30 12:50:54] xcrawler.dytt8:index.ERROR: 数据解析失败 {"prefix":"xcrawler:dytt8:index","request":{"method":"get","uri":"https://www.dytt8.net/html/gndy/dyzz/list_23_35.html"},"error_type":"crawler_exception","reason":"iconv(): Detected an illegal character in input string","error_time":1546174254} []
[2018-12-30 12:50:55] xcrawler.dytt8:index.ERROR: 数据解析失败 {"prefix":"xcrawler:dytt8:index","request":{"method":"get","uri":"https://www.dytt8.net/html/gndy/dyzz/list_23_128.html"},"error_type":"crawler_exception","reason":"iconv(): Detected an illegal character in input string","error_time":1546174255} []
[2018-12-30 12:50:55] xcrawler.dytt8:index.ERROR: 数据解析失败 {"prefix":"xcrawler:dytt8:index","request":{"method":"get","uri":"https://www.dytt8.net/html/gndy/dyzz/list_23_66.html"},"error_type":"crawler_exception","reason":"iconv(): Detected an illegal character in input string","error_time":1546174255} []
[2018-12-30 12:50:55] xcrawler.dytt8:index.ERROR: 数据解析失败 {"prefix":"xcrawler:dytt8:index","request":{"method":"get","uri":"https://www.dytt8.net/html/gndy/dyzz/list_23_90.html"},"error_type":"crawler_exception","reason":"iconv(): Detected an illegal character in input string","error_time":1546174255} []
[2018-12-30 12:50:55] xcrawler.dytt8:index.ERROR: 数据解析失败 {"prefix":"xcrawler:dytt8:index","request":{"method":"get","uri":"https://www.dytt8.net/html/gndy/dyzz/list_23_69.html"},"error_type":"crawler_exception","reason":"iconv(): Detected an illegal character in input string","error_time":1546174255} []
[2018-12-30 12:50:55] xcrawler.dytt8:index.ERROR: 数据解析失败 {"prefix":"xcrawler:dytt8:index","request":{"method":"get","uri":"https://www.dytt8.net/html/gndy/dyzz/list_23_109.html"},"error_type":"crawler_exception","reason":"iconv(): Detected an illegal character in input string","error_time":1546174255} []
[2018-12-30 12:50:55] xcrawler.dytt8:index.ERROR: 数据解析失败 {"prefix":"xcrawler:dytt8:index","request":{"method":"get","uri":"https://www.dytt8.net/html/gndy/dyzz/list_23_167.html"},"error_type":"crawler_exception","reason":"iconv(): Detected an illegal character in input string","error_time":1546174255} []
[2018-12-30 12:50:55] xcrawler.dytt8:index.ERROR: 数据解析失败 {"prefix":"xcrawler:dytt8:index","request":{"method":"get","uri":"https://www.dytt8.net/html/gndy/dyzz/list_23_94.html"},"error_type":"crawler_exception","reason":"iconv(): Detected an illegal character in input string","error_time":1546174255} []
[2018-12-30 12:50:55] xcrawler.dytt8:index.ERROR: 数据解析失败 {"prefix":"xcrawler:dytt8:index","request":{"method":"get","uri":"https://www.dytt8.net/html/gndy/dyzz/list_23_58.html"},"error_type":"crawler_exception","reason":"iconv(): Detected an illegal character in input string","error_time":1546174255} []
[2018-12-30 12:50:55] xcrawler.dytt8:index.ERROR: 数据解析失败 {"prefix":"xcrawler:dytt8:index","request":{"method":"get","uri":"https://www.dytt8.net/html/gndy/dyzz/list_23_168.html"},"error_type":"crawler_exception","reason":"iconv(): Detected an illegal character in input string","error_time":1546174255} []
[2018-12-30 12:50:55] xcrawler.dytt8:index.ERROR: 数据解析失败 {"prefix":"xcrawler:dytt8:index","request":{"method":"get","uri":"https://www.dytt8.net/html/gndy/dyzz/list_23_104.html"},"error_type":"crawler_exception","reason":"iconv(): Detected an illegal character in input string","error_time":1546174255} []
[2018-12-30 12:50:55] xcrawler.dytt8:index.ERROR: 数据解析失败 {"prefix":"xcrawler:dytt8:index","request":{"method":"get","uri":"https://www.dytt8.net/html/gndy/dyzz/list_23_180.html"},"error_type":"crawler_exception","reason":"iconv(): Detected an illegal character in input string","error_time":1546174255} []
[2018-12-30 12:50:55] xcrawler.dytt8:index.ERROR: 数据解析失败 {"prefix":"xcrawler:dytt8:index","request":{"method":"get","uri":"https://www.dytt8.net/html/gndy/dyzz/list_23_120.html"},"error_type":"crawler_exception","reason":"iconv(): Detected an illegal character in input string","error_time":1546174255} []
[2018-12-30 12:50:55] xcrawler.dytt8:index.ERROR: 数据解析失败 {"prefix":"xcrawler:dytt8:index","request":{"method":"get","uri":"https://www.dytt8.net/html/gndy/dyzz/list_23_144.html"},"error_type":"crawler_exception","reason":"iconv(): Detected an illegal character in input string","error_time":1546174255} []
[2018-12-30 12:50:55] xcrawler.dytt8:index.ERROR: 数据解析失败 {"prefix":"xcrawler:dytt8:index","request":{"method":"get","uri":"https://www.dytt8.net/html/gndy/dyzz/list_23_86.html"},"error_type":"crawler_exception","reason":"iconv(): Detected an illegal character in input string","error_time":1546174255} []
[2018-12-30 12:50:55] xcrawler.dytt8:index.ERROR: 数据解析失败 {"prefix":"xcrawler:dytt8:index","request":{"method":"get","uri":"https://www.dytt8.net/html/gndy/dyzz/list_23_105.html"},"error_type":"crawler_exception","reason":"iconv(): Detected an illegal character in input string","error_time":1546174255} []
[2018-12-30 12:50:55] xcrawler.dytt8:index.ERROR: 数据解析失败 {"prefix":"xcrawler:dytt8:index","request":{"method":"get","uri":"https://www.dytt8.net/html/gndy/dyzz/list_23_95.html"},"error_type":"crawler_exception","reason":"iconv(): Detected an illegal character in input string","error_time":1546174255} []
[2018-12-30 12:50:55] xcrawler.dytt8:index.ERROR: 数据解析失败 {"prefix":"xcrawler:dytt8:index","request":{"method":"get","uri":"https://www.dytt8.net/html/gndy/dyzz/list_23_42.html"},"error_type":"crawler_exception","reason":"iconv(): Detected an illegal character in input string","error_time":1546174255} []
[2018-12-30 12:50:55] xcrawler.dytt8:index.ERROR: 数据解析失败 {"prefix":"xcrawler:dytt8:index","request":{"method":"get","uri":"https://www.dytt8.net/html/gndy/dyzz/list_23_70.html"},"error_type":"crawler_exception","reason":"iconv(): Detected an illegal character in input string","error_time":1546174255} []
[2018-12-30 12:50:55] xcrawler.dytt8:index.ERROR: 数据解析失败 {"prefix":"xcrawler:dytt8:index","request":{"method":"get","uri":"https://www.dytt8.net/html/gndy/dyzz/list_23_93.html"},"error_type":"crawler_exception","reason":"iconv(): Detected an illegal character in input string","error_time":1546174255} []
[2018-12-30 12:50:55] xcrawler.dytt8:index.ERROR: 数据解析失败 {"prefix":"xcrawler:dytt8:index","request":{"method":"get","uri":"https://www.dytt8.net/html/gndy/dyzz/list_23_39.html"},"error_type":"crawler_exception","reason":"iconv(): Detected an illegal character in input string","error_time":1546174255} []
[2018-12-30 12:50:55] xcrawler.dytt8:index.ERROR: 数据解析失败 {"prefix":"xcrawler:dytt8:index","request":{"method":"get","uri":"https://www.dytt8.net/html/gndy/dyzz/list_23_73.html"},"error_type":"crawler_exception","reason":"iconv(): Detected an illegal character in input string","error_time":1546174255} []
[2018-12-30 12:50:55] xcrawler.dytt8:index.ERROR: 数据解析失败 {"prefix":"xcrawler:dytt8:index","request":{"method":"get","uri":"https://www.dytt8.net/html/gndy/dyzz/list_23_173.html"},"error_type":"crawler_exception","reason":"iconv(): Detected an illegal character in input string","error_time":1546174255} []
[2018-12-30 12:50:55] xcrawler.dytt8:index.ERROR: 数据解析失败 {"prefix":"xcrawler:dytt8:index","request":{"method":"get","uri":"https://www.dytt8.net/html/gndy/dyzz/list_23_148.html"},"error_type":"crawler_exception","reason":"iconv(): Detected an illegal character in input string","error_time":1546174255} []
[2018-12-30 12:50:55] xcrawler.dytt8:index.ERROR: 数据解析失败 {"prefix":"xcrawler:dytt8:index","request":{"method":"get","uri":"https://www.dytt8.net/html/gndy/dyzz/list_23_68.html"},"error_type":"crawler_exception","reason":"iconv(): Detected an illegal character in input string","error_time":1546174255} []
[2018-12-30 12:50:55] xcrawler.dytt8:index.ERROR: 数据解析失败 {"prefix":"xcrawler:dytt8:index","request":{"method":"get","uri":"https://www.dytt8.net/html/gndy/dyzz/list_23_67.html"},"error_type":"crawler_exception","reason":"iconv(): Detected an illegal character in input string","error_time":1546174255} []
[2018-12-30 12:50:55] xcrawler.dytt8:index.ERROR: 数据解析失败 {"prefix":"xcrawler:dytt8:index","request":{"method":"get","uri":"https://www.dytt8.net/html/gndy/dyzz/list_23_45.html"},"error_type":"crawler_exception","reason":"iconv(): Detected an illegal character in input string","error_time":1546174255} []
[2018-12-30 12:50:56] xcrawler.dytt8:index.ERROR: 失败请求:{"method":"get","uri":"https:\/\/www.dytt8.net\/html\/gndy\/dyzz\/list_23_34.html"} 失败原因:cURL error 28: Operation timed out after 10011 milliseconds with 32516 out of 43630 bytes received (see http://curl.haxx.se/libcurl/c/libcurl-errors.html)  [] []
[2018-12-30 12:50:56] xcrawler.dytt8:index.ERROR: 失败请求:{"method":"get","uri":"https:\/\/www.dytt8.net\/html\/gndy\/dyzz\/list_23_36.html"} 失败原因:cURL error 28: Operation timed out after 10011 milliseconds with 32516 out of 43551 bytes received (see http://curl.haxx.se/libcurl/c/libcurl-errors.html)  [] []
[2018-12-30 12:50:56] xcrawler.dytt8:index.ERROR: 失败请求:{"method":"get","uri":"https:\/\/www.dytt8.net\/html\/gndy\/dyzz\/list_23_37.html"} 失败原因:cURL error 28: Operation timed out after 10011 milliseconds with 0 bytes received (see http://curl.haxx.se/libcurl/c/libcurl-errors.html)  [] []
[2018-12-30 12:50:56] xcrawler.dytt8:index.ERROR: 失败请求:{"method":"get","uri":"https:\/\/www.dytt8.net\/html\/gndy\/dyzz\/list_23_41.html"} 失败原因:cURL error 28: Operation timed out after 10011 milliseconds with 32516 out of 43553 bytes received (see http://curl.haxx.se/libcurl/c/libcurl-errors.html)  [] []
[2018-12-30 12:50:56] xcrawler.dytt8:index.ERROR: 失败请求:{"method":"get","uri":"https:\/\/www.dytt8.net\/html\/gndy\/dyzz\/list_23_44.html"} 失败原因:cURL error 28: Operation timed out after 10011 milliseconds with 32516 out of 43533 bytes received (see http://curl.haxx.se/libcurl/c/libcurl-errors.html)  [] []
[2018-12-30 12:50:56] xcrawler.dytt8:index.ERROR: 失败请求:{"method":"get","uri":"https:\/\/www.dytt8.net\/html\/gndy\/dyzz\/list_23_50.html"} 失败原因:cURL error 28: Operation timed out after 10010 milliseconds with 0 bytes received (see http://curl.haxx.se/libcurl/c/libcurl-errors.html)  [] []
[2018-12-30 12:50:56] xcrawler.dytt8:index.ERROR: 失败请求:{"method":"get","uri":"https:\/\/www.dytt8.net\/html\/gndy\/dyzz\/list_23_57.html"} 失败原因:cURL error 28: Operation timed out after 10010 milliseconds with 16156 out of 43566 bytes received (see http://curl.haxx.se/libcurl/c/libcurl-errors.html)  [] []
[2018-12-30 12:50:56] xcrawler.dytt8:index.ERROR: 失败请求:{"method":"get","uri":"https:\/\/www.dytt8.net\/html\/gndy\/dyzz\/list_23_59.html"} 失败原因:cURL error 28: Operation timed out after 10010 milliseconds with 0 bytes received (see http://curl.haxx.se/libcurl/c/libcurl-errors.html)  [] []
[2018-12-30 12:50:56] xcrawler.dytt8:index.ERROR: 失败请求:{"method":"get","uri":"https:\/\/www.dytt8.net\/html\/gndy\/dyzz\/list_23_61.html"} 失败原因:cURL error 28: Operation timed out after 10010 milliseconds with 0 bytes received (see http://curl.haxx.se/libcurl/c/libcurl-errors.html)  [] []
[2018-12-30 12:50:56] xcrawler.dytt8:index.ERROR: 失败请求:{"method":"get","uri":"https:\/\/www.dytt8.net\/html\/gndy\/dyzz\/list_23_71.html"} 失败原因:cURL error 28: Operation timed out after 10009 milliseconds with 16156 out of 43615 bytes received (see http://curl.haxx.se/libcurl/c/libcurl-errors.html)  [] []
[2018-12-30 12:50:56] xcrawler.dytt8:index.ERROR: 失败请求:{"method":"get","uri":"https:\/\/www.dytt8.net\/html\/gndy\/dyzz\/list_23_72.html"} 失败原因:cURL error 28: Operation timed out after 10009 milliseconds with 0 out of 43619 bytes received (see http://curl.haxx.se/libcurl/c/libcurl-errors.html)  [] []
[2018-12-30 12:50:56] xcrawler.dytt8:index.ERROR: 失败请求:{"method":"get","uri":"https:\/\/www.dytt8.net\/html\/gndy\/dyzz\/list_23_75.html"} 失败原因:cURL error 28: Operation timed out after 10009 milliseconds with 0 bytes received (see http://curl.haxx.se/libcurl/c/libcurl-errors.html)  [] []
[2018-12-30 12:50:56] xcrawler.dytt8:index.ERROR: 失败请求:{"method":"get","uri":"https:\/\/www.dytt8.net\/html\/gndy\/dyzz\/list_23_77.html"} 失败原因:cURL error 28: Operation timed out after 10009 milliseconds with 16156 out of 43645 bytes received (see http://curl.haxx.se/libcurl/c/libcurl-errors.html)  [] []
[2018-12-30 12:50:56] xcrawler.dytt8:index.ERROR: 失败请求:{"method":"get","uri":"https:\/\/www.dytt8.net\/html\/gndy\/dyzz\/list_23_84.html"} 失败原因:cURL error 28: Operation timed out after 10009 milliseconds with 16156 out of 43696 bytes received (see http://curl.haxx.se/libcurl/c/libcurl-errors.html)  [] []
[2018-12-30 12:50:56] xcrawler.dytt8:index.ERROR: 失败请求:{"method":"get","uri":"https:\/\/www.dytt8.net\/html\/gndy\/dyzz\/list_23_98.html"} 失败原因:cURL error 28: Operation timed out after 10017 milliseconds with 0 bytes received (see http://curl.haxx.se/libcurl/c/libcurl-errors.html)  [] []
[2018-12-30 12:50:56] xcrawler.dytt8:index.ERROR: 失败请求:{"method":"get","uri":"https:\/\/www.dytt8.net\/html\/gndy\/dyzz\/list_23_99.html"} 失败原因:cURL error 28: Operation timed out after 10020 milliseconds with 0 bytes received (see http://curl.haxx.se/libcurl/c/libcurl-errors.html)  [] []
[2018-12-30 12:50:56] xcrawler.dytt8:index.ERROR: 失败请求:{"method":"get","uri":"https:\/\/www.dytt8.net\/html\/gndy\/dyzz\/list_23_100.html"} 失败原因:cURL error 28: Operation timed out after 10021 milliseconds with 0 out of 43660 bytes received (see http://curl.haxx.se/libcurl/c/libcurl-errors.html)  [] []
[2018-12-30 12:50:56] xcrawler.dytt8:index.ERROR: 失败请求:{"method":"get","uri":"https:\/\/www.dytt8.net\/html\/gndy\/dyzz\/list_23_102.html"} 失败原因:cURL error 28: Operation timed out after 10023 milliseconds with 32516 out of 43644 bytes received (see http://curl.haxx.se/libcurl/c/libcurl-errors.html)  [] []
[2018-12-30 12:50:56] xcrawler.dytt8:index.ERROR: 失败请求:{"method":"get","uri":"https:\/\/www.dytt8.net\/html\/gndy\/dyzz\/list_23_107.html"} 失败原因:cURL error 28: Operation timed out after 10024 milliseconds with 16156 out of 43659 bytes received (see http://curl.haxx.se/libcurl/c/libcurl-errors.html)  [] []
[2018-12-30 12:50:56] xcrawler.dytt8:index.ERROR: 失败请求:{"method":"get","uri":"https:\/\/www.dytt8.net\/html\/gndy\/dyzz\/list_23_110.html"} 失败原因:cURL error 28: Operation timed out after 10022 milliseconds with 32516 out of 43581 bytes received (see http://curl.haxx.se/libcurl/c/libcurl-errors.html)  [] []
[2018-12-30 12:50:56] xcrawler.dytt8:index.ERROR: 数据解析失败 {"prefix":"xcrawler:dytt8:index","request":{"method":"get","uri":"https://www.dytt8.net/html/gndy/dyzz/list_23_116.html"},"error_type":"crawler_exception","reason":"iconv(): Detected an illegal character in input string","error_time":1546174256} []
[2018-12-30 12:50:56] xcrawler.dytt8:index.INFO: 爬取进度:81%, 已爬取:150个页面, 剩余页面:35 [] []
[2018-12-30 12:50:56] xcrawler.dytt8:index.ERROR: 失败请求:{"method":"get","uri":"https:\/\/www.dytt8.net\/html\/gndy\/dyzz\/list_23_130.html"} 失败原因:cURL error 28: Operation timed out after 10015 milliseconds with 32516 out of 43505 bytes received (see http://curl.haxx.se/libcurl/c/libcurl-errors.html)  [] []
[2018-12-30 12:50:56] xcrawler.dytt8:index.ERROR: 失败请求:{"method":"get","uri":"https:\/\/www.dytt8.net\/html\/gndy\/dyzz\/list_23_137.html"} 失败原因:cURL error 28: Operation timed out after 10016 milliseconds with 0 bytes received (see http://curl.haxx.se/libcurl/c/libcurl-errors.html)  [] []
[2018-12-30 12:50:56] xcrawler.dytt8:index.ERROR: 失败请求:{"method":"get","uri":"https:\/\/www.dytt8.net\/html\/gndy\/dyzz\/list_23_140.html"} 失败原因:cURL error 28: Operation timed out after 10017 milliseconds with 16157 out of 43542 bytes received (see http://curl.haxx.se/libcurl/c/libcurl-errors.html)  [] []
[2018-12-30 12:50:56] xcrawler.dytt8:index.ERROR: 失败请求:{"method":"get","uri":"https:\/\/www.dytt8.net\/html\/gndy\/dyzz\/list_23_147.html"} 失败原因:cURL error 28: Operation timed out after 10018 milliseconds with 0 bytes received (see http://curl.haxx.se/libcurl/c/libcurl-errors.html)  [] []
[2018-12-30 12:50:56] xcrawler.dytt8:index.ERROR: 失败请求:{"method":"get","uri":"https:\/\/www.dytt8.net\/html\/gndy\/dyzz\/list_23_149.html"} 失败原因:cURL error 28: Operation timed out after 10019 milliseconds with 0 out of 43548 bytes received (see http://curl.haxx.se/libcurl/c/libcurl-errors.html)  [] []
[2018-12-30 12:50:56] xcrawler.dytt8:index.ERROR: 失败请求:{"method":"get","uri":"https:\/\/www.dytt8.net\/html\/gndy\/dyzz\/list_23_158.html"} 失败原因:cURL error 28: Operation timed out after 10020 milliseconds with 0 bytes received (see http://curl.haxx.se/libcurl/c/libcurl-errors.html)  [] []
[2018-12-30 12:50:56] xcrawler.dytt8:index.ERROR: 失败请求:{"method":"get","uri":"https:\/\/www.dytt8.net\/html\/gndy\/dyzz\/list_23_162.html"} 失败原因:cURL error 28: Operation timed out after 10021 milliseconds with 16156 out of 43661 bytes received (see http://curl.haxx.se/libcurl/c/libcurl-errors.html)  [] []
[2018-12-30 12:50:56] xcrawler.dytt8:index.ERROR: 失败请求:{"method":"get","uri":"https:\/\/www.dytt8.net\/html\/gndy\/dyzz\/list_23_164.html"} 失败原因:cURL error 28: Operation timed out after 10022 milliseconds with 32517 out of 43624 bytes received (see http://curl.haxx.se/libcurl/c/libcurl-errors.html)  [] []
[2018-12-30 12:50:56] xcrawler.dytt8:index.ERROR: 失败请求:{"method":"get","uri":"https:\/\/www.dytt8.net\/html\/gndy\/dyzz\/list_23_165.html"} 失败原因:cURL error 28: Operation timed out after 10024 milliseconds with 0 bytes received (see http://curl.haxx.se/libcurl/c/libcurl-errors.html)  [] []
[2018-12-30 12:50:56] xcrawler.dytt8:index.ERROR: 失败请求:{"method":"get","uri":"https:\/\/www.dytt8.net\/html\/gndy\/dyzz\/list_23_169.html"} 失败原因:cURL error 28: Operation timed out after 10015 milliseconds with 0 out of 43713 bytes received (see http://curl.haxx.se/libcurl/c/libcurl-errors.html)  [] []
[2018-12-30 12:50:56] xcrawler.dytt8:index.ERROR: 失败请求:{"method":"get","uri":"https:\/\/www.dytt8.net\/html\/gndy\/dyzz\/list_23_170.html"} 失败原因:cURL error 28: Operation timed out after 10016 milliseconds with 0 out of 43691 bytes received (see http://curl.haxx.se/libcurl/c/libcurl-errors.html)  [] []
[2018-12-30 12:50:56] xcrawler.dytt8:index.ERROR: 失败请求:{"method":"get","uri":"https:\/\/www.dytt8.net\/html\/gndy\/dyzz\/list_23_174.html"} 失败原因:cURL error 28: Operation timed out after 10017 milliseconds with 0 out of 43679 bytes received (see http://curl.haxx.se/libcurl/c/libcurl-errors.html)  [] []
[2018-12-30 12:50:56] xcrawler.dytt8:index.ERROR: 失败请求:{"method":"get","uri":"https:\/\/www.dytt8.net\/html\/gndy\/dyzz\/list_23_176.html"} 失败原因:cURL error 28: Operation timed out after 10018 milliseconds with 32516 out of 43628 bytes received (see http://curl.haxx.se/libcurl/c/libcurl-errors.html)  [] []
[2018-12-30 12:50:56] xcrawler.dytt8:index.ERROR: 失败请求:{"method":"get","uri":"https:\/\/www.dytt8.net\/html\/gndy\/dyzz\/list_23_183.html"} 失败原因:cURL error 28: Operation timed out after 10019 milliseconds with 0 bytes received (see http://curl.haxx.se/libcurl/c/libcurl-errors.html)  [] []
[2018-12-30 12:50:56] xcrawler.dytt8:index.ERROR: 失败请求:{"method":"get","uri":"https:\/\/www.dytt8.net\/html\/gndy\/dyzz\/list_23_184.html"} 失败原因:cURL error 28: Operation timed out after 10020 milliseconds with 16156 out of 43627 bytes received (see http://curl.haxx.se/libcurl/c/libcurl-errors.html)  [] []
[2018-12-30 12:50:56] xcrawler.dytt8:index.ERROR: 数据解析失败 {"prefix":"xcrawler:dytt8:index","request":{"method":"get","uri":"https://www.dytt8.net/html/gndy/dyzz/list_23_36.html"},"error_type":"crawler_exception","reason":"iconv(): Detected an illegal character in input string","error_time":1546174256} []
[2018-12-30 12:50:56] xcrawler.dytt8:index.ERROR: 数据解析失败 {"prefix":"xcrawler:dytt8:index","request":{"method":"get","uri":"https://www.dytt8.net/html/gndy/dyzz/list_23_34.html"},"error_type":"crawler_exception","reason":"iconv(): Detected an illegal character in input string","error_time":1546174256} []
[2018-12-30 12:50:56] xcrawler.dytt8:index.ERROR: 数据解析失败 {"prefix":"xcrawler:dytt8:index","request":{"method":"get","uri":"https://www.dytt8.net/html/gndy/dyzz/list_23_41.html"},"error_type":"crawler_exception","reason":"iconv(): Detected an illegal character in input string","error_time":1546174256} []
[2018-12-30 12:50:56] xcrawler.dytt8:index.ERROR: 数据解析失败 {"prefix":"xcrawler:dytt8:index","request":{"method":"get","uri":"https://www.dytt8.net/html/gndy/dyzz/list_23_71.html"},"error_type":"crawler_exception","reason":"iconv(): Detected an illegal character in input string","error_time":1546174256} []
[2018-12-30 12:50:56] xcrawler.dytt8:index.ERROR: 数据解析失败 {"prefix":"xcrawler:dytt8:index","request":{"method":"get","uri":"https://www.dytt8.net/html/gndy/dyzz/list_23_100.html"},"error_type":"crawler_exception","reason":"iconv(): Detected an illegal character in input string","error_time":1546174256} []
[2018-12-30 12:50:56] xcrawler.dytt8:index.ERROR: 数据解析失败 {"prefix":"xcrawler:dytt8:index","request":{"method":"get","uri":"https://www.dytt8.net/html/gndy/dyzz/list_23_102.html"},"error_type":"crawler_exception","reason":"iconv(): Detected an illegal character in input string","error_time":1546174256} []
[2018-12-30 12:50:56] xcrawler.dytt8:index.ERROR: 数据解析失败 {"prefix":"xcrawler:dytt8:index","request":{"method":"get","uri":"https://www.dytt8.net/html/gndy/dyzz/list_23_140.html"},"error_type":"crawler_exception","reason":"iconv(): Detected an illegal character in input string","error_time":1546174256} []
[2018-12-30 12:50:56] xcrawler.dytt8:index.ERROR: 数据解析失败 {"prefix":"xcrawler:dytt8:index","request":{"method":"get","uri":"https://www.dytt8.net/html/gndy/dyzz/list_23_149.html"},"error_type":"crawler_exception","reason":"iconv(): Detected an illegal character in input string","error_time":1546174256} []
[2018-12-30 12:50:56] xcrawler.dytt8:index.ERROR: 数据解析失败 {"prefix":"xcrawler:dytt8:index","request":{"method":"get","uri":"https://www.dytt8.net/html/gndy/dyzz/list_23_130.html"},"error_type":"crawler_exception","reason":"iconv(): Detected an illegal character in input string","error_time":1546174256} []
[2018-12-30 12:50:56] xcrawler.dytt8:index.ERROR: 数据解析失败 {"prefix":"xcrawler:dytt8:index","request":{"method":"get","uri":"https://www.dytt8.net/html/gndy/dyzz/list_23_110.html"},"error_type":"crawler_exception","reason":"iconv(): Detected an illegal character in input string","error_time":1546174256} []
[2018-12-30 12:50:56] xcrawler.dytt8:index.ERROR: 数据解析失败 {"prefix":"xcrawler:dytt8:index","request":{"method":"get","uri":"https://www.dytt8.net/html/gndy/dyzz/list_23_164.html"},"error_type":"crawler_exception","reason":"iconv(): Detected an illegal character in input string","error_time":1546174256} []
[2018-12-30 12:50:57] xcrawler.dytt8:index.ERROR: 数据解析失败 {"prefix":"xcrawler:dytt8:index","request":{"method":"get","uri":"https://www.dytt8.net/html/gndy/dyzz/list_23_137.html"},"error_type":"crawler_exception","reason":"iconv(): Detected an illegal character in input string","error_time":1546174257} []
[2018-12-30 12:50:57] xcrawler.dytt8:index.ERROR: 数据解析失败 {"prefix":"xcrawler:dytt8:index","request":{"method":"get","uri":"https://www.dytt8.net/html/gndy/dyzz/list_23_72.html"},"error_type":"crawler_exception","reason":"iconv(): Detected an illegal character in input string","error_time":1546174257} []
[2018-12-30 12:50:57] xcrawler.dytt8:index.ERROR: 数据解析失败 {"prefix":"xcrawler:dytt8:index","request":{"method":"get","uri":"https://www.dytt8.net/html/gndy/dyzz/list_23_98.html"},"error_type":"crawler_exception","reason":"iconv(): Detected an illegal character in input string","error_time":1546174257} []
[2018-12-30 12:50:57] xcrawler.dytt8:index.ERROR: 数据解析失败 {"prefix":"xcrawler:dytt8:index","request":{"method":"get","uri":"https://www.dytt8.net/html/gndy/dyzz/list_23_107.html"},"error_type":"crawler_exception","reason":"iconv(): Detected an illegal character in input string","error_time":1546174257} []
[2018-12-30 12:50:57] xcrawler.dytt8:index.ERROR: 数据解析失败 {"prefix":"xcrawler:dytt8:index","request":{"method":"get","uri":"https://www.dytt8.net/html/gndy/dyzz/list_23_59.html"},"error_type":"crawler_exception","reason":"iconv(): Detected an illegal character in input string","error_time":1546174257} []
[2018-12-30 12:50:57] xcrawler.dytt8:index.ERROR: 数据解析失败 {"prefix":"xcrawler:dytt8:index","request":{"method":"get","uri":"https://www.dytt8.net/html/gndy/dyzz/list_23_174.html"},"error_type":"crawler_exception","reason":"iconv(): Detected an illegal character in input string","error_time":1546174257} []
[2018-12-30 12:50:57] xcrawler.dytt8:index.ERROR: 数据解析失败 {"prefix":"xcrawler:dytt8:index","request":{"method":"get","uri":"https://www.dytt8.net/html/gndy/dyzz/list_23_77.html"},"error_type":"crawler_exception","reason":"iconv(): Detected an illegal character in input string","error_time":1546174257} []
[2018-12-30 12:50:57] xcrawler.dytt8:index.ERROR: 数据解析失败 {"prefix":"xcrawler:dytt8:index","request":{"method":"get","uri":"https://www.dytt8.net/html/gndy/dyzz/list_23_165.html"},"error_type":"crawler_exception","reason":"iconv(): Detected an illegal character in input string","error_time":1546174257} []
[2018-12-30 12:50:57] xcrawler.dytt8:index.ERROR: 数据解析失败 {"prefix":"xcrawler:dytt8:index","request":{"method":"get","uri":"https://www.dytt8.net/html/gndy/dyzz/list_23_99.html"},"error_type":"crawler_exception","reason":"iconv(): Detected an illegal character in input string","error_time":1546174257} []
[2018-12-30 12:50:57] xcrawler.dytt8:index.ERROR: 数据解析失败 {"prefix":"xcrawler:dytt8:index","request":{"method":"get","uri":"https://www.dytt8.net/html/gndy/dyzz/list_23_84.html"},"error_type":"crawler_exception","reason":"iconv(): Detected an illegal character in input string","error_time":1546174257} []
[2018-12-30 12:50:57] xcrawler.dytt8:index.ERROR: 数据解析失败 {"prefix":"xcrawler:dytt8:index","request":{"method":"get","uri":"https://www.dytt8.net/html/gndy/dyzz/list_23_147.html"},"error_type":"crawler_exception","reason":"iconv(): Detected an illegal character in input string","error_time":1546174257} []
[2018-12-30 12:50:57] xcrawler.dytt8:index.ERROR: 数据解析失败 {"prefix":"xcrawler:dytt8:index","request":{"method":"get","uri":"https://www.dytt8.net/html/gndy/dyzz/list_23_184.html"},"error_type":"crawler_exception","reason":"iconv(): Detected an illegal character in input string","error_time":1546174257} []
[2018-12-30 12:50:57] xcrawler.dytt8:index.ERROR: 数据解析失败 {"prefix":"xcrawler:dytt8:index","request":{"method":"get","uri":"https://www.dytt8.net/html/gndy/dyzz/list_23_61.html"},"error_type":"crawler_exception","reason":"iconv(): Detected an illegal character in input string","error_time":1546174257} []
[2018-12-30 12:50:58] xcrawler.dytt8:index.ERROR: 数据解析失败 {"prefix":"xcrawler:dytt8:index","request":{"method":"get","uri":"https://www.dytt8.net/html/gndy/dyzz/list_23_169.html"},"error_type":"crawler_exception","reason":"iconv(): Detected an illegal character in input string","error_time":1546174258} []
[2018-12-30 12:50:58] xcrawler.dytt8:index.ERROR: 数据解析失败 {"prefix":"xcrawler:dytt8:index","request":{"method":"get","uri":"https://www.dytt8.net/html/gndy/dyzz/list_23_50.html"},"error_type":"crawler_exception","reason":"iconv(): Detected an illegal character in input string","error_time":1546174258} []
[2018-12-30 12:50:58] xcrawler.dytt8:index.ERROR: 数据解析失败 {"prefix":"xcrawler:dytt8:index","request":{"method":"get","uri":"https://www.dytt8.net/html/gndy/dyzz/list_23_176.html"},"error_type":"crawler_exception","reason":"iconv(): Detected an illegal character in input string","error_time":1546174258} []
[2018-12-30 12:50:58] xcrawler.dytt8:index.ERROR: 数据解析失败 {"prefix":"xcrawler:dytt8:index","request":{"method":"get","uri":"https://www.dytt8.net/html/gndy/dyzz/list_23_158.html"},"error_type":"crawler_exception","reason":"iconv(): Detected an illegal character in input string","error_time":1546174258} []
[2018-12-30 12:50:58] xcrawler.dytt8:index.ERROR: 数据解析失败 {"prefix":"xcrawler:dytt8:index","request":{"method":"get","uri":"https://www.dytt8.net/html/gndy/dyzz/list_23_170.html"},"error_type":"crawler_exception","reason":"iconv(): Detected an illegal character in input string","error_time":1546174258} []
[2018-12-30 12:50:58] xcrawler.dytt8:index.ERROR: 数据解析失败 {"prefix":"xcrawler:dytt8:index","request":{"method":"get","uri":"https://www.dytt8.net/html/gndy/dyzz/list_23_37.html"},"error_type":"crawler_exception","reason":"iconv(): Detected an illegal character in input string","error_time":1546174258} []
[2018-12-30 12:50:58] xcrawler.dytt8:index.ERROR: 数据解析失败 {"prefix":"xcrawler:dytt8:index","request":{"method":"get","uri":"https://www.dytt8.net/html/gndy/dyzz/list_23_75.html"},"error_type":"crawler_exception","reason":"iconv(): Detected an illegal character in input string","error_time":1546174258} []
[2018-12-30 12:50:58] xcrawler.dytt8:index.ERROR: 数据解析失败 {"prefix":"xcrawler:dytt8:index","request":{"method":"get","uri":"https://www.dytt8.net/html/gndy/dyzz/list_23_183.html"},"error_type":"crawler_exception","reason":"iconv(): Detected an illegal character in input string","error_time":1546174258} []
[2018-12-30 12:50:58] xcrawler.dytt8:index.ERROR: 数据解析失败 {"prefix":"xcrawler:dytt8:index","request":{"method":"get","uri":"https://www.dytt8.net/html/gndy/dyzz/list_23_162.html"},"error_type":"crawler_exception","reason":"iconv(): Detected an illegal character in input string","error_time":1546174258} []
[2018-12-30 12:50:58] xcrawler.dytt8:index.ERROR: 数据解析失败 {"prefix":"xcrawler:dytt8:index","request":{"method":"get","uri":"https://www.dytt8.net/html/gndy/dyzz/list_23_57.html"},"error_type":"crawler_exception","reason":"iconv(): Detected an illegal character in input string","error_time":1546174258} []
[2018-12-30 12:50:59] xcrawler.dytt8:index.ERROR: 数据解析失败 {"prefix":"xcrawler:dytt8:index","request":{"method":"get","uri":"https://www.dytt8.net/html/gndy/dyzz/list_23_44.html"},"error_type":"crawler_exception","reason":"iconv(): Detected an illegal character in input string","error_time":1546174259} []
[2018-12-30 12:50:59] xcrawler.dytt8:index.INFO: 爬取 done 花费时间:14.071684s 线程数:185 总页数:185 请求成功次数:185 请求失败次数:35 解析失败次数:166 [] []
[2018-12-30 12:55:07] xcrawler.demo.INFO: 初始化队列 start [] []
[2018-12-30 12:55:07] xcrawler.demo.INFO: 初始化队列 done [] []
[2018-12-30 12:55:07] xcrawler.demo.INFO: 爬取 start [] []
[2018-12-30 12:55:08] xcrawler.demo.ERROR: 数据解析失败 {"prefix":"xcrawler:demo","request":{"method":"get","uri":"https://www.dytt8.net/html/gndy/dyzz/index.html","callback_data":{"is_first_page":1}},"error_type":"crawler_exception","reason":"The current node list is empty.","error_time":1546174508} []
[2018-12-30 12:55:08] xcrawler.demo.INFO: 爬取 done 花费时间:1.359546s 线程数:1 总页数:1 请求成功次数:1 请求失败次数:0 解析失败次数:1 [] []
[2018-12-30 12:55:39] xcrawler.demo.INFO: 初始化队列 start [] []
[2018-12-30 12:55:39] xcrawler.demo.INFO: 初始化队列 done [] []
[2018-12-30 12:55:39] xcrawler.demo.INFO: 爬取 start [] []
[2018-12-30 12:55:40] xcrawler.demo.ERROR: 数据解析失败 {"prefix":"xcrawler:demo","request":{"method":"get","uri":"https://www.dytt8.net/html/gndy/dyzz/index.html","callback_data":{"is_first_page":1}},"error_type":"crawler_exception","reason":"The current node list is empty.","error_time":1546174540} []
[2018-12-30 12:55:40] xcrawler.demo.INFO: 爬取 done 花费时间:1.415591s 线程数:1 总页数:1 请求成功次数:1 请求失败次数:0 解析失败次数:1 [] []
[2018-12-30 12:55:53] xcrawler.demo.INFO: 初始化队列 start [] []
[2018-12-30 12:55:53] xcrawler.demo.INFO: 初始化队列 done [] []
[2018-12-30 12:55:53] xcrawler.demo.INFO: 爬取 start [] []
[2018-12-30 12:55:54] xcrawler.demo.INFO: 爬取 done 花费时间:1.169314s 线程数:1 总页数:1 请求成功次数:1 请求失败次数:0 解析失败次数:0 [] []
[2018-12-30 12:56:15] xcrawler.demo.INFO: 初始化队列 start [] []
[2018-12-30 12:56:16] xcrawler.demo.INFO: 初始化队列 done [] []
[2018-12-30 12:56:16] xcrawler.demo.INFO: 爬取 start [] []
[2018-12-30 12:56:18] xcrawler.demo.INFO: 爬取 done 花费时间:2.439058s 线程数:1 总页数:2 请求成功次数:2 请求失败次数:0 解析失败次数:0 [] []
